This is pdfTeX, Version 3.141592653-2.6-1.40.26 (TeX Live 2024/Homebrew) (preloaded format=pdflatex 2024.10.29)  4 DEC 2024 22:49
entering extended mode
 restricted \write18 enabled.
 file:line:error style messages enabled.
 %&-line parsing enabled.
**root.tex
(./root.tex
LaTeX2e <2023-11-01> patch level 1
L3 programming layer <2024-02-20>

(/opt/homebrew/Cellar/texlive/20240312_3/share/texmf-dist/tex/latex/base/articl
e.cls
Document Class: article 2023/05/17 v1.4n Standard LaTeX document class

(/opt/homebrew/Cellar/texlive/20240312_3/share/texmf-dist/tex/latex/base/size10
.clo
File: size10.clo 2023/05/17 v1.4n Standard LaTeX file (size option)
)
\c@part=\count188
\c@section=\count189
\c@subsection=\count190
\c@subsubsection=\count191
\c@paragraph=\count192
\c@subparagraph=\count193
\c@figure=\count194
\c@table=\count195
\abovecaptionskip=\skip48
\belowcaptionskip=\skip49
\bibindent=\dimen140
)
(/opt/homebrew/Cellar/texlive/20240312_3/share/texmf-dist/tex/latex/tkz-base/tk
z-base.sty
2024/01/16 4.21c tkz-base.sty
Package: tkz-base 2024/01/16 4.21c tkz-base

(/opt/homebrew/Cellar/texlive/20240312_3/share/texmf-dist/tex/latex/pgf/fronten
dlayer/tikz.sty
(/opt/homebrew/Cellar/texlive/20240312_3/share/texmf-dist/tex/latex/pgf/basicla
yer/pgf.sty
(/opt/homebrew/Cellar/texlive/20240312_3/share/texmf-dist/tex/latex/pgf/utiliti
es/pgfrcs.sty
(/opt/homebrew/Cellar/texlive/20240312_3/share/texmf-dist/tex/generic/pgf/utili
ties/pgfutil-common.tex
\pgfutil@everybye=\toks17
\pgfutil@tempdima=\dimen141
\pgfutil@tempdimb=\dimen142
)
(/opt/homebrew/Cellar/texlive/20240312_3/share/texmf-dist/tex/generic/pgf/utili
ties/pgfutil-latex.def
\pgfutil@abb=\box51
)
(/opt/homebrew/Cellar/texlive/20240312_3/share/texmf-dist/tex/generic/pgf/utili
ties/pgfrcs.code.tex
(/opt/homebrew/Cellar/texlive/20240312_3/share/texmf-dist/tex/generic/pgf/pgf.r
evision.tex)
Package: pgfrcs 2023-01-15 v3.1.10 (3.1.10)
))
Package: pgf 2023-01-15 v3.1.10 (3.1.10)

(/opt/homebrew/Cellar/texlive/20240312_3/share/texmf-dist/tex/latex/pgf/basicla
yer/pgfcore.sty
(/opt/homebrew/Cellar/texlive/20240312_3/share/texmf-dist/tex/latex/graphics/gr
aphicx.sty
Package: graphicx 2021/09/16 v1.2d Enhanced LaTeX Graphics (DPC,SPQR)

(/opt/homebrew/Cellar/texlive/20240312_3/share/texmf-dist/tex/latex/graphics/ke
yval.sty
Package: keyval 2022/05/29 v1.15 key=value parser (DPC)
\KV@toks@=\toks18
)
(/opt/homebrew/Cellar/texlive/20240312_3/share/texmf-dist/tex/latex/graphics/gr
aphics.sty
Package: graphics 2022/03/10 v1.4e Standard LaTeX Graphics (DPC,SPQR)

(/opt/homebrew/Cellar/texlive/20240312_3/share/texmf-dist/tex/latex/graphics/tr
ig.sty
Package: trig 2021/08/11 v1.11 sin cos tan (DPC)
)
(/opt/homebrew/Cellar/texlive/20240312_3/share/texmf-dist/tex/latex/graphics-cf
g/graphics.cfg
File: graphics.cfg 2016/06/04 v1.11 sample graphics configuration
)
Package graphics Info: Driver file: pdftex.def on input line 107.

(/opt/homebrew/Cellar/texlive/20240312_3/share/texmf-dist/tex/latex/graphics-de
f/pdftex.def
File: pdftex.def 2022/09/22 v1.2b Graphics/color driver for pdftex
))
\Gin@req@height=\dimen143
\Gin@req@width=\dimen144
)
(/opt/homebrew/Cellar/texlive/20240312_3/share/texmf-dist/tex/latex/pgf/systeml
ayer/pgfsys.sty
(/opt/homebrew/Cellar/texlive/20240312_3/share/texmf-dist/tex/generic/pgf/syste
mlayer/pgfsys.code.tex
Package: pgfsys 2023-01-15 v3.1.10 (3.1.10)

(/opt/homebrew/Cellar/texlive/20240312_3/share/texmf-dist/tex/generic/pgf/utili
ties/pgfkeys.code.tex
\pgfkeys@pathtoks=\toks19
\pgfkeys@temptoks=\toks20

(/opt/homebrew/Cellar/texlive/20240312_3/share/texmf-dist/tex/generic/pgf/utili
ties/pgfkeyslibraryfiltered.code.tex
\pgfkeys@tmptoks=\toks21
))
\pgf@x=\dimen145
\pgf@y=\dimen146
\pgf@xa=\dimen147
\pgf@ya=\dimen148
\pgf@xb=\dimen149
\pgf@yb=\dimen150
\pgf@xc=\dimen151
\pgf@yc=\dimen152
\pgf@xd=\dimen153
\pgf@yd=\dimen154
\w@pgf@writea=\write3
\r@pgf@reada=\read2
\c@pgf@counta=\count196
\c@pgf@countb=\count197
\c@pgf@countc=\count198
\c@pgf@countd=\count199
\t@pgf@toka=\toks22
\t@pgf@tokb=\toks23
\t@pgf@tokc=\toks24
\pgf@sys@id@count=\count266

(/opt/homebrew/Cellar/texlive/20240312_3/share/texmf-dist/tex/generic/pgf/syste
mlayer/pgf.cfg
File: pgf.cfg 2023-01-15 v3.1.10 (3.1.10)
)
Driver file for pgf: pgfsys-pdftex.def

(/opt/homebrew/Cellar/texlive/20240312_3/share/texmf-dist/tex/generic/pgf/syste
mlayer/pgfsys-pdftex.def
File: pgfsys-pdftex.def 2023-01-15 v3.1.10 (3.1.10)

(/opt/homebrew/Cellar/texlive/20240312_3/share/texmf-dist/tex/generic/pgf/syste
mlayer/pgfsys-common-pdf.def
File: pgfsys-common-pdf.def 2023-01-15 v3.1.10 (3.1.10)
)))
(/opt/homebrew/Cellar/texlive/20240312_3/share/texmf-dist/tex/generic/pgf/syste
mlayer/pgfsyssoftpath.code.tex
File: pgfsyssoftpath.code.tex 2023-01-15 v3.1.10 (3.1.10)
\pgfsyssoftpath@smallbuffer@items=\count267
\pgfsyssoftpath@bigbuffer@items=\count268
)
(/opt/homebrew/Cellar/texlive/20240312_3/share/texmf-dist/tex/generic/pgf/syste
mlayer/pgfsysprotocol.code.tex
File: pgfsysprotocol.code.tex 2023-01-15 v3.1.10 (3.1.10)
))
(/opt/homebrew/Cellar/texlive/20240312_3/share/texmf-dist/tex/latex/xcolor/xcol
or.sty
Package: xcolor 2023/11/15 v3.01 LaTeX color extensions (UK)

(/opt/homebrew/Cellar/texlive/20240312_3/share/texmf-dist/tex/latex/graphics-cf
g/color.cfg
File: color.cfg 2016/01/02 v1.6 sample color configuration
)
Package xcolor Info: Driver file: pdftex.def on input line 274.

(/opt/homebrew/Cellar/texlive/20240312_3/share/texmf-dist/tex/latex/graphics/ma
thcolor.ltx)
Package xcolor Info: Model `cmy' substituted by `cmy0' on input line 1350.
Package xcolor Info: Model `hsb' substituted by `rgb' on input line 1354.
Package xcolor Info: Model `RGB' extended on input line 1366.
Package xcolor Info: Model `HTML' substituted by `rgb' on input line 1368.
Package xcolor Info: Model `Hsb' substituted by `hsb' on input line 1369.
Package xcolor Info: Model `tHsb' substituted by `hsb' on input line 1370.
Package xcolor Info: Model `HSB' substituted by `hsb' on input line 1371.
Package xcolor Info: Model `Gray' substituted by `gray' on input line 1372.
Package xcolor Info: Model `wave' substituted by `hsb' on input line 1373.
)
(/opt/homebrew/Cellar/texlive/20240312_3/share/texmf-dist/tex/generic/pgf/basic
layer/pgfcore.code.tex
Package: pgfcore 2023-01-15 v3.1.10 (3.1.10)

(/opt/homebrew/Cellar/texlive/20240312_3/share/texmf-dist/tex/generic/pgf/math/
pgfmath.code.tex
(/opt/homebrew/Cellar/texlive/20240312_3/share/texmf-dist/tex/generic/pgf/math/
pgfmathutil.code.tex)
(/opt/homebrew/Cellar/texlive/20240312_3/share/texmf-dist/tex/generic/pgf/math/
pgfmathparser.code.tex
\pgfmath@dimen=\dimen155
\pgfmath@count=\count269
\pgfmath@box=\box52
\pgfmath@toks=\toks25
\pgfmath@stack@operand=\toks26
\pgfmath@stack@operation=\toks27
)
(/opt/homebrew/Cellar/texlive/20240312_3/share/texmf-dist/tex/generic/pgf/math/
pgfmathfunctions.code.tex)
(/opt/homebrew/Cellar/texlive/20240312_3/share/texmf-dist/tex/generic/pgf/math/
pgfmathfunctions.basic.code.tex)
(/opt/homebrew/Cellar/texlive/20240312_3/share/texmf-dist/tex/generic/pgf/math/
pgfmathfunctions.trigonometric.code.tex)
(/opt/homebrew/Cellar/texlive/20240312_3/share/texmf-dist/tex/generic/pgf/math/
pgfmathfunctions.random.code.tex)
(/opt/homebrew/Cellar/texlive/20240312_3/share/texmf-dist/tex/generic/pgf/math/
pgfmathfunctions.comparison.code.tex)
(/opt/homebrew/Cellar/texlive/20240312_3/share/texmf-dist/tex/generic/pgf/math/
pgfmathfunctions.base.code.tex)
(/opt/homebrew/Cellar/texlive/20240312_3/share/texmf-dist/tex/generic/pgf/math/
pgfmathfunctions.round.code.tex)
(/opt/homebrew/Cellar/texlive/20240312_3/share/texmf-dist/tex/generic/pgf/math/
pgfmathfunctions.misc.code.tex)
(/opt/homebrew/Cellar/texlive/20240312_3/share/texmf-dist/tex/generic/pgf/math/
pgfmathfunctions.integerarithmetics.code.tex)
(/opt/homebrew/Cellar/texlive/20240312_3/share/texmf-dist/tex/generic/pgf/math/
pgfmathcalc.code.tex)
(/opt/homebrew/Cellar/texlive/20240312_3/share/texmf-dist/tex/generic/pgf/math/
pgfmathfloat.code.tex
\c@pgfmathroundto@lastzeros=\count270
))
(/opt/homebrew/Cellar/texlive/20240312_3/share/texmf-dist/tex/generic/pgf/math/
pgfint.code.tex)
(/opt/homebrew/Cellar/texlive/20240312_3/share/texmf-dist/tex/generic/pgf/basic
layer/pgfcorepoints.code.tex
File: pgfcorepoints.code.tex 2023-01-15 v3.1.10 (3.1.10)
\pgf@picminx=\dimen156
\pgf@picmaxx=\dimen157
\pgf@picminy=\dimen158
\pgf@picmaxy=\dimen159
\pgf@pathminx=\dimen160
\pgf@pathmaxx=\dimen161
\pgf@pathminy=\dimen162
\pgf@pathmaxy=\dimen163
\pgf@xx=\dimen164
\pgf@xy=\dimen165
\pgf@yx=\dimen166
\pgf@yy=\dimen167
\pgf@zx=\dimen168
\pgf@zy=\dimen169
)
(/opt/homebrew/Cellar/texlive/20240312_3/share/texmf-dist/tex/generic/pgf/basic
layer/pgfcorepathconstruct.code.tex
File: pgfcorepathconstruct.code.tex 2023-01-15 v3.1.10 (3.1.10)
\pgf@path@lastx=\dimen170
\pgf@path@lasty=\dimen171
)
(/opt/homebrew/Cellar/texlive/20240312_3/share/texmf-dist/tex/generic/pgf/basic
layer/pgfcorepathusage.code.tex
File: pgfcorepathusage.code.tex 2023-01-15 v3.1.10 (3.1.10)
\pgf@shorten@end@additional=\dimen172
\pgf@shorten@start@additional=\dimen173
)
(/opt/homebrew/Cellar/texlive/20240312_3/share/texmf-dist/tex/generic/pgf/basic
layer/pgfcorescopes.code.tex
File: pgfcorescopes.code.tex 2023-01-15 v3.1.10 (3.1.10)
\pgfpic=\box53
\pgf@hbox=\box54
\pgf@layerbox@main=\box55
\pgf@picture@serial@count=\count271
)
(/opt/homebrew/Cellar/texlive/20240312_3/share/texmf-dist/tex/generic/pgf/basic
layer/pgfcoregraphicstate.code.tex
File: pgfcoregraphicstate.code.tex 2023-01-15 v3.1.10 (3.1.10)
\pgflinewidth=\dimen174
)
(/opt/homebrew/Cellar/texlive/20240312_3/share/texmf-dist/tex/generic/pgf/basic
layer/pgfcoretransformations.code.tex
File: pgfcoretransformations.code.tex 2023-01-15 v3.1.10 (3.1.10)
\pgf@pt@x=\dimen175
\pgf@pt@y=\dimen176
\pgf@pt@temp=\dimen177
)
(/opt/homebrew/Cellar/texlive/20240312_3/share/texmf-dist/tex/generic/pgf/basic
layer/pgfcorequick.code.tex
File: pgfcorequick.code.tex 2023-01-15 v3.1.10 (3.1.10)
)
(/opt/homebrew/Cellar/texlive/20240312_3/share/texmf-dist/tex/generic/pgf/basic
layer/pgfcoreobjects.code.tex
File: pgfcoreobjects.code.tex 2023-01-15 v3.1.10 (3.1.10)
)
(/opt/homebrew/Cellar/texlive/20240312_3/share/texmf-dist/tex/generic/pgf/basic
layer/pgfcorepathprocessing.code.tex
File: pgfcorepathprocessing.code.tex 2023-01-15 v3.1.10 (3.1.10)
)
(/opt/homebrew/Cellar/texlive/20240312_3/share/texmf-dist/tex/generic/pgf/basic
layer/pgfcorearrows.code.tex
File: pgfcorearrows.code.tex 2023-01-15 v3.1.10 (3.1.10)
\pgfarrowsep=\dimen178
)
(/opt/homebrew/Cellar/texlive/20240312_3/share/texmf-dist/tex/generic/pgf/basic
layer/pgfcoreshade.code.tex
File: pgfcoreshade.code.tex 2023-01-15 v3.1.10 (3.1.10)
\pgf@max=\dimen179
\pgf@sys@shading@range@num=\count272
\pgf@shadingcount=\count273
)
(/opt/homebrew/Cellar/texlive/20240312_3/share/texmf-dist/tex/generic/pgf/basic
layer/pgfcoreimage.code.tex
File: pgfcoreimage.code.tex 2023-01-15 v3.1.10 (3.1.10)
)
(/opt/homebrew/Cellar/texlive/20240312_3/share/texmf-dist/tex/generic/pgf/basic
layer/pgfcoreexternal.code.tex
File: pgfcoreexternal.code.tex 2023-01-15 v3.1.10 (3.1.10)
\pgfexternal@startupbox=\box56
)
(/opt/homebrew/Cellar/texlive/20240312_3/share/texmf-dist/tex/generic/pgf/basic
layer/pgfcorelayers.code.tex
File: pgfcorelayers.code.tex 2023-01-15 v3.1.10 (3.1.10)
)
(/opt/homebrew/Cellar/texlive/20240312_3/share/texmf-dist/tex/generic/pgf/basic
layer/pgfcoretransparency.code.tex
File: pgfcoretransparency.code.tex 2023-01-15 v3.1.10 (3.1.10)
)
(/opt/homebrew/Cellar/texlive/20240312_3/share/texmf-dist/tex/generic/pgf/basic
layer/pgfcorepatterns.code.tex
File: pgfcorepatterns.code.tex 2023-01-15 v3.1.10 (3.1.10)
)
(/opt/homebrew/Cellar/texlive/20240312_3/share/texmf-dist/tex/generic/pgf/basic
layer/pgfcorerdf.code.tex
File: pgfcorerdf.code.tex 2023-01-15 v3.1.10 (3.1.10)
)))
(/opt/homebrew/Cellar/texlive/20240312_3/share/texmf-dist/tex/generic/pgf/modul
es/pgfmoduleshapes.code.tex
File: pgfmoduleshapes.code.tex 2023-01-15 v3.1.10 (3.1.10)
\pgfnodeparttextbox=\box57
)
(/opt/homebrew/Cellar/texlive/20240312_3/share/texmf-dist/tex/generic/pgf/modul
es/pgfmoduleplot.code.tex
File: pgfmoduleplot.code.tex 2023-01-15 v3.1.10 (3.1.10)
)
(/opt/homebrew/Cellar/texlive/20240312_3/share/texmf-dist/tex/latex/pgf/compati
bility/pgfcomp-version-0-65.sty
Package: pgfcomp-version-0-65 2023-01-15 v3.1.10 (3.1.10)
\pgf@nodesepstart=\dimen180
\pgf@nodesepend=\dimen181
)
(/opt/homebrew/Cellar/texlive/20240312_3/share/texmf-dist/tex/latex/pgf/compati
bility/pgfcomp-version-1-18.sty
Package: pgfcomp-version-1-18 2023-01-15 v3.1.10 (3.1.10)
))
(/opt/homebrew/Cellar/texlive/20240312_3/share/texmf-dist/tex/latex/pgf/utiliti
es/pgffor.sty
(/opt/homebrew/Cellar/texlive/20240312_3/share/texmf-dist/tex/latex/pgf/utiliti
es/pgfkeys.sty
(/opt/homebrew/Cellar/texlive/20240312_3/share/texmf-dist/tex/generic/pgf/utili
ties/pgfkeys.code.tex))
(/opt/homebrew/Cellar/texlive/20240312_3/share/texmf-dist/tex/latex/pgf/math/pg
fmath.sty
(/opt/homebrew/Cellar/texlive/20240312_3/share/texmf-dist/tex/generic/pgf/math/
pgfmath.code.tex))
(/opt/homebrew/Cellar/texlive/20240312_3/share/texmf-dist/tex/generic/pgf/utili
ties/pgffor.code.tex
Package: pgffor 2023-01-15 v3.1.10 (3.1.10)
\pgffor@iter=\dimen182
\pgffor@skip=\dimen183
\pgffor@stack=\toks28
\pgffor@toks=\toks29
))
(/opt/homebrew/Cellar/texlive/20240312_3/share/texmf-dist/tex/generic/pgf/front
endlayer/tikz/tikz.code.tex
Package: tikz 2023-01-15 v3.1.10 (3.1.10)

(/opt/homebrew/Cellar/texlive/20240312_3/share/texmf-dist/tex/generic/pgf/libra
ries/pgflibraryplothandlers.code.tex
File: pgflibraryplothandlers.code.tex 2023-01-15 v3.1.10 (3.1.10)
\pgf@plot@mark@count=\count274
\pgfplotmarksize=\dimen184
)
\tikz@lastx=\dimen185
\tikz@lasty=\dimen186
\tikz@lastxsaved=\dimen187
\tikz@lastysaved=\dimen188
\tikz@lastmovetox=\dimen189
\tikz@lastmovetoy=\dimen190
\tikzleveldistance=\dimen191
\tikzsiblingdistance=\dimen192
\tikz@figbox=\box58
\tikz@figbox@bg=\box59
\tikz@tempbox=\box60
\tikz@tempbox@bg=\box61
\tikztreelevel=\count275
\tikznumberofchildren=\count276
\tikznumberofcurrentchild=\count277
\tikz@fig@count=\count278

(/opt/homebrew/Cellar/texlive/20240312_3/share/texmf-dist/tex/generic/pgf/modul
es/pgfmodulematrix.code.tex
File: pgfmodulematrix.code.tex 2023-01-15 v3.1.10 (3.1.10)
\pgfmatrixcurrentrow=\count279
\pgfmatrixcurrentcolumn=\count280
\pgf@matrix@numberofcolumns=\count281
)
\tikz@expandcount=\count282

(/opt/homebrew/Cellar/texlive/20240312_3/share/texmf-dist/tex/generic/pgf/front
endlayer/tikz/libraries/tikzlibrarytopaths.code.tex
File: tikzlibrarytopaths.code.tex 2023-01-15 v3.1.10 (3.1.10)
)))
(/opt/homebrew/Cellar/texlive/20240312_3/share/texmf-dist/tex/generic/pgf/front
endlayer/tikz/libraries/tikzlibraryangles.code.tex
File: tikzlibraryangles.code.tex 2023-01-15 v3.1.10 (3.1.10)
)
(/opt/homebrew/Cellar/texlive/20240312_3/share/texmf-dist/tex/generic/pgf/front
endlayer/tikz/libraries/tikzlibraryarrows.code.tex
File: tikzlibraryarrows.code.tex 2023-01-15 v3.1.10 (3.1.10)

(/opt/homebrew/Cellar/texlive/20240312_3/share/texmf-dist/tex/generic/pgf/libra
ries/pgflibraryarrows.code.tex
File: pgflibraryarrows.code.tex 2023-01-15 v3.1.10 (3.1.10)
\arrowsize=\dimen193
))
(/opt/homebrew/Cellar/texlive/20240312_3/share/texmf-dist/tex/generic/pgf/libra
ries/pgflibraryarrows.meta.code.tex
File: pgflibraryarrows.meta.code.tex 2023-01-15 v3.1.10 (3.1.10)
\pgfarrowinset=\dimen194
\pgfarrowlength=\dimen195
\pgfarrowwidth=\dimen196
\pgfarrowlinewidth=\dimen197
)
(/opt/homebrew/Cellar/texlive/20240312_3/share/texmf-dist/tex/generic/pgf/front
endlayer/tikz/libraries/tikzlibrarybackgrounds.code.tex
File: tikzlibrarybackgrounds.code.tex 2023-01-15 v3.1.10 (3.1.10)
\pgf@layerbox@background=\box62
\pgf@layerboxsaved@background=\box63
)
(/opt/homebrew/Cellar/texlive/20240312_3/share/texmf-dist/tex/generic/pgf/front
endlayer/tikz/libraries/tikzlibrarycalc.code.tex
File: tikzlibrarycalc.code.tex 2023-01-15 v3.1.10 (3.1.10)
)
(/opt/homebrew/Cellar/texlive/20240312_3/share/texmf-dist/tex/generic/pgf/front
endlayer/tikz/libraries/tikzlibrarydecorations.code.tex
(/opt/homebrew/Cellar/texlive/20240312_3/share/texmf-dist/tex/generic/pgf/modul
es/pgfmoduledecorations.code.tex
\pgfdecoratedcompleteddistance=\dimen198
\pgfdecoratedremainingdistance=\dimen199
\pgfdecoratedinputsegmentcompleteddistance=\dimen256
\pgfdecoratedinputsegmentremainingdistance=\dimen257
\pgf@decorate@distancetomove=\dimen258
\pgf@decorate@repeatstate=\count283
\pgfdecorationsegmentamplitude=\dimen259
\pgfdecorationsegmentlength=\dimen260
)
\tikz@lib@dec@box=\box64
)
(/opt/homebrew/Cellar/texlive/20240312_3/share/texmf-dist/tex/generic/pgf/front
endlayer/tikz/libraries/tikzlibrarydecorations.markings.code.tex
(/opt/homebrew/Cellar/texlive/20240312_3/share/texmf-dist/tex/generic/pgf/libra
ries/decorations/pgflibrarydecorations.markings.code.tex))
(/opt/homebrew/Cellar/texlive/20240312_3/share/texmf-dist/tex/generic/pgf/front
endlayer/tikz/libraries/tikzlibrarydecorations.pathreplacing.code.tex
(/opt/homebrew/Cellar/texlive/20240312_3/share/texmf-dist/tex/generic/pgf/libra
ries/decorations/pgflibrarydecorations.pathreplacing.code.tex))
(/opt/homebrew/Cellar/texlive/20240312_3/share/texmf-dist/tex/generic/pgf/front
endlayer/tikz/libraries/tikzlibrarydecorations.shapes.code.tex
(/opt/homebrew/Cellar/texlive/20240312_3/share/texmf-dist/tex/generic/pgf/libra
ries/decorations/pgflibrarydecorations.shapes.code.tex))
(/opt/homebrew/Cellar/texlive/20240312_3/share/texmf-dist/tex/generic/pgf/front
endlayer/tikz/libraries/tikzlibrarydecorations.text.code.tex
(/opt/homebrew/Cellar/texlive/20240312_3/share/texmf-dist/tex/generic/pgf/libra
ries/decorations/pgflibrarydecorations.text.code.tex
\pgf@lib@dec@text@box=\box65
)
\tikz@lib@dec@te@box=\box66
)
(/opt/homebrew/Cellar/texlive/20240312_3/share/texmf-dist/tex/generic/pgf/front
endlayer/tikz/libraries/tikzlibrarydecorations.pathmorphing.code.tex
(/opt/homebrew/Cellar/texlive/20240312_3/share/texmf-dist/tex/generic/pgf/libra
ries/decorations/pgflibrarydecorations.pathmorphing.code.tex))
(/opt/homebrew/Cellar/texlive/20240312_3/share/texmf-dist/tex/generic/pgf/front
endlayer/tikz/libraries/tikzlibraryintersections.code.tex
(/opt/homebrew/Cellar/texlive/20240312_3/share/texmf-dist/tex/generic/pgf/libra
ries/pgflibraryintersections.code.tex
(/opt/homebrew/Cellar/texlive/20240312_3/share/texmf-dist/tex/generic/pgf/libra
ries/pgflibraryfpu.code.tex)
\pgf@intersect@solutions=\count284
))
(/opt/homebrew/Cellar/texlive/20240312_3/share/texmf-dist/tex/generic/pgf/front
endlayer/tikz/libraries/tikzlibrarypatterns.code.tex
File: tikzlibrarypatterns.code.tex 2023-01-15 v3.1.10 (3.1.10)

(/opt/homebrew/Cellar/texlive/20240312_3/share/texmf-dist/tex/generic/pgf/libra
ries/pgflibrarypatterns.code.tex
File: pgflibrarypatterns.code.tex 2023-01-15 v3.1.10 (3.1.10)
))
(/opt/homebrew/Cellar/texlive/20240312_3/share/texmf-dist/tex/generic/pgf/front
endlayer/tikz/libraries/tikzlibraryplotmarks.code.tex
File: tikzlibraryplotmarks.code.tex 2023-01-15 v3.1.10 (3.1.10)

(/opt/homebrew/Cellar/texlive/20240312_3/share/texmf-dist/tex/generic/pgf/libra
ries/pgflibraryplotmarks.code.tex
File: pgflibraryplotmarks.code.tex 2023-01-15 v3.1.10 (3.1.10)
))
(/opt/homebrew/Cellar/texlive/20240312_3/share/texmf-dist/tex/generic/pgf/front
endlayer/tikz/libraries/tikzlibrarypositioning.code.tex
File: tikzlibrarypositioning.code.tex 2023-01-15 v3.1.10 (3.1.10)
)
(/opt/homebrew/Cellar/texlive/20240312_3/share/texmf-dist/tex/generic/pgf/front
endlayer/tikz/libraries/tikzlibraryquotes.code.tex
File: tikzlibraryquotes.code.tex 2023-01-15 v3.1.10 (3.1.10)
)
(/opt/homebrew/Cellar/texlive/20240312_3/share/texmf-dist/tex/generic/pgf/front
endlayer/tikz/libraries/tikzlibraryshapes.misc.code.tex
File: tikzlibraryshapes.misc.code.tex 2023-01-15 v3.1.10 (3.1.10)

(/opt/homebrew/Cellar/texlive/20240312_3/share/texmf-dist/tex/generic/pgf/libra
ries/shapes/pgflibraryshapes.misc.code.tex
File: pgflibraryshapes.misc.code.tex 2023-01-15 v3.1.10 (3.1.10)
))
(/opt/homebrew/Cellar/texlive/20240312_3/share/texmf-dist/tex/generic/pgf/front
endlayer/tikz/libraries/tikzlibraryshadows.code.tex
File: tikzlibraryshadows.code.tex 2023-01-15 v3.1.10 (3.1.10)

(/opt/homebrew/Cellar/texlive/20240312_3/share/texmf-dist/tex/generic/pgf/front
endlayer/tikz/libraries/tikzlibraryfadings.code.tex
File: tikzlibraryfadings.code.tex 2023-01-15 v3.1.10 (3.1.10)

(/opt/homebrew/Cellar/texlive/20240312_3/share/texmf-dist/tex/generic/pgf/libra
ries/pgflibraryfadings.code.tex
File: pgflibraryfadings.code.tex 2023-01-15 v3.1.10 (3.1.10)
)))
(/opt/homebrew/Cellar/texlive/20240312_3/share/texmf-dist/tex/generic/pgf/front
endlayer/tikz/libraries/tikzlibrarythrough.code.tex
File: tikzlibrarythrough.code.tex 2023-01-15 v3.1.10 (3.1.10)
)
(/opt/homebrew/Cellar/texlive/20240312_3/share/texmf-dist/tex/latex/numprint/nu
mprint.sty
Package: numprint 2012/08/20 v1.39 Print numbers (HH)

(/opt/homebrew/Cellar/texlive/20240312_3/share/texmf-dist/tex/latex/tools/array
.sty
Package: array 2023/10/16 v2.5g Tabular extension package (FMi)
\col@sep=\dimen261
\ar@mcellbox=\box67
\extrarowheight=\dimen262
\NC@list=\toks30
\extratabsurround=\skip50
\backup@length=\skip51
\ar@cellbox=\box68
)
\c@nprt@mantissa@digitsbefore=\count285
\c@nprt@mantissa@digitsafter=\count286
\c@nprt@exponent@digitsbefore=\count287
\c@nprt@exponent@digitsafter=\count288
\nprt@digitwidth=\skip52
\nprt@sepwidth=\skip53
\nprt@decimalwidth=\skip54
\nprt@blockwidth=\skip55
\nprt@digittoks=\toks31
\nprt@pretoks=\toks32
\nprt@posttoks=\toks33
\nprt@thisdigit=\count289
\nprt@curpos=\count290
\nprt@rndpos=\count291
\c@nprt@digitsfirstblock=\count292
\c@nprt@blockcnt=\count293
\c@nprt@cntprint=\count294
 No configuration file `numprint.cfg' found.)
(/opt/homebrew/Cellar/texlive/20240312_3/share/texmf-dist/tex/latex/l3packages/
xfp/xfp.sty
(/opt/homebrew/Cellar/texlive/20240312_3/share/texmf-dist/tex/latex/l3kernel/ex
pl3.sty
Package: expl3 2024-02-20 L3 programming layer (loader) 

(/opt/homebrew/Cellar/texlive/20240312_3/share/texmf-dist/tex/latex/l3backend/l
3backend-pdftex.def
File: l3backend-pdftex.def 2024-02-20 L3 backend support: PDF output (pdfTeX)
\l__color_backend_stack_int=\count295
\l__pdf_internal_box=\box69
))
Package: xfp 2024-02-18 L3 Floating point unit
)
(/opt/homebrew/Cellar/texlive/20240312_3/share/texmf-dist/tex/latex/fp/fp.sty
Package: fp 1995/04/02

`Fixed Point Package', Version 0.8, April 2, 1995 (C) Michael Mehlich
(/opt/homebrew/Cellar/texlive/20240312_3/share/texmf-dist/tex/latex/fp/defpatte
rn.sty
Package: defpattern 1994/10/12
\actioncount=\count296
)
(/opt/homebrew/Cellar/texlive/20240312_3/share/texmf-dist/tex/latex/fp/fp-basic
.sty
Package: fp-basic 1996/05/13
\FP@xs=\count297
\FP@xia=\count298
\FP@xib=\count299
\FP@xfa=\count300
\FP@xfb=\count301
\FP@rega=\count302
\FP@regb=\count303
\FP@regs=\count304
\FP@times=\count305
)
(/opt/homebrew/Cellar/texlive/20240312_3/share/texmf-dist/tex/latex/fp/fp-addon
s.sty
Package: fp-addons 1995/03/15
)
(/opt/homebrew/Cellar/texlive/20240312_3/share/texmf-dist/tex/latex/fp/fp-snap.
sty
Package: fp-snap 1995/04/05
)
(/opt/homebrew/Cellar/texlive/20240312_3/share/texmf-dist/tex/latex/fp/fp-exp.s
ty
Package: fp-exp 1995/04/03
)
(/opt/homebrew/Cellar/texlive/20240312_3/share/texmf-dist/tex/latex/fp/fp-trigo
.sty
Package: fp-trigo 1995/04/14
)
(/opt/homebrew/Cellar/texlive/20240312_3/share/texmf-dist/tex/latex/fp/fp-pas.s
ty
Package: fp-pas 1994/08/29
)
(/opt/homebrew/Cellar/texlive/20240312_3/share/texmf-dist/tex/latex/fp/fp-rando
m.sty
Package: fp-random 1995/02/23
\FPseed=\count306
)
(/opt/homebrew/Cellar/texlive/20240312_3/share/texmf-dist/tex/latex/fp/fp-eqn.s
ty
Package: fp-eqn 1995/04/03
)
(/opt/homebrew/Cellar/texlive/20240312_3/share/texmf-dist/tex/latex/fp/fp-upn.s
ty
Package: fp-upn 1996/10/21
)
(/opt/homebrew/Cellar/texlive/20240312_3/share/texmf-dist/tex/latex/fp/fp-eval.
sty
Package: fp-eval 1995/04/03
))
\tkz@ax=\dimen263
\tkz@ay=\dimen264
\tkz@bx=\dimen265
\tkz@by=\dimen266
\tkz@cx=\dimen267
\tkz@cy=\dimen268
\tkz@dx=\dimen269
\tkz@dy=\dimen270
\tkz@tax=\dimen271
\tkz@tay=\dimen272
\tkz@tbx=\dimen273
\tkz@tby=\dimen274
\tkz@tcx=\dimen275
\tkz@tcy=\dimen276
\tkz@tdx=\dimen277
\tkz@tdy=\dimen278
\tkz@cntmk=\count307

Local configuration file tkz-base.cfg found and used

(/opt/homebrew/Cellar/texlive/20240312_3/share/texmf-dist/tex/latex/tkz-base/tk
z-base.cfg
2024/01/16 4.21c tkz-base.cfg
)
(/opt/homebrew/Cellar/texlive/20240312_3/share/texmf-dist/tex/latex/tkz-base/tk
z-tools-modules.tex
2024/01/16 4.21c tkz-tools-modules.tex
)
(/opt/homebrew/Cellar/texlive/20240312_3/share/texmf-dist/tex/latex/tkz-base/tk
z-lib-marks.tex
2024/01/16 4.21c tkz-lib-marks.tex
)
(/opt/homebrew/Cellar/texlive/20240312_3/share/texmf-dist/tex/latex/tkz-base/tk
z-lib-shape.tex
2024/01/16 4.21c tkz-lib-shape.tex
)
(/opt/homebrew/Cellar/texlive/20240312_3/share/texmf-dist/tex/latex/tkz-base/tk
z-tools-base.tex
2024/01/16 4.21c tkz-tools-base.tex
)
(/opt/homebrew/Cellar/texlive/20240312_3/share/texmf-dist/tex/latex/tkz-base/tk
z-tools-utilities.tex
2024/01/16 4.21c tkz-tools-utilities.tex
)
(/opt/homebrew/Cellar/texlive/20240312_3/share/texmf-dist/tex/latex/tkz-base/tk
z-tools-colors.tex
2024/01/16 4.21c tkz-tools-colors
)
(/opt/homebrew/Cellar/texlive/20240312_3/share/texmf-dist/tex/latex/tkz-base/tk
z-tools-text.tex
2024/01/16 4.21c tkz-tools-text.tex
)
(/opt/homebrew/Cellar/texlive/20240312_3/share/texmf-dist/tex/latex/tkz-base/tk
z-tools-BB.tex
2024/01/16 4.21c tkz-obj-BB.tex
)
(/opt/homebrew/Cellar/texlive/20240312_3/share/texmf-dist/tex/latex/tkz-base/tk
z-tools-arith.tex
2024/01/16 4.21c tkz-tools-arith.tex
File: tkz-tool-arith.tex tkz-tool-arith 3.02 c
)
(/opt/homebrew/Cellar/texlive/20240312_3/share/texmf-dist/tex/latex/tkz-base/tk
z-tools-print.tex
2024/01/16 4.21c tkz-tools-print
)
(/opt/homebrew/Cellar/texlive/20240312_3/share/texmf-dist/tex/latex/tkz-base/tk
z-tools-misc.tex
2024/01/16 4.21c tkz-tools-misc.tex
)
(/opt/homebrew/Cellar/texlive/20240312_3/share/texmf-dist/tex/latex/tkz-base/tk
z-obj-axes.tex
2024/01/16 4.21c tkz-obj-axes
)
(/opt/homebrew/Cellar/texlive/20240312_3/share/texmf-dist/tex/latex/tkz-base/tk
z-obj-grids.tex
2024/01/16 4.21c tkz-obj-grids.tex
)
(/opt/homebrew/Cellar/texlive/20240312_3/share/texmf-dist/tex/latex/tkz-base/tk
z-obj-marks.tex
2024/01/16 4.21c tkz-obj-marks.tex
)
(/opt/homebrew/Cellar/texlive/20240312_3/share/texmf-dist/tex/latex/tkz-base/tk
z-obj-points.tex
2024/01/16 4.21c tkz-obj-points.tex
)
(/opt/homebrew/Cellar/texlive/20240312_3/share/texmf-dist/tex/latex/tkz-base/tk
z-obj-rep.tex
2024/01/16 4.21c tkz-obj-rep.tex
))
(/opt/homebrew/Cellar/texlive/20240312_3/share/texmf-dist/tex/latex/amsmath/ams
math.sty
Package: amsmath 2023/05/13 v2.17o AMS math features
\@mathmargin=\skip56

For additional information on amsmath, use the `?' option.

(/opt/homebrew/Cellar/texlive/20240312_3/share/texmf-dist/tex/latex/amsmath/ams
text.sty
Package: amstext 2021/08/26 v2.01 AMS text

(/opt/homebrew/Cellar/texlive/20240312_3/share/texmf-dist/tex/latex/amsmath/ams
gen.sty
File: amsgen.sty 1999/11/30 v2.0 generic functions
\@emptytoks=\toks34
\ex@=\dimen279
))
(/opt/homebrew/Cellar/texlive/20240312_3/share/texmf-dist/tex/latex/amsmath/ams
bsy.sty
Package: amsbsy 1999/11/29 v1.2d Bold Symbols
\pmbraise@=\dimen280
)
(/opt/homebrew/Cellar/texlive/20240312_3/share/texmf-dist/tex/latex/amsmath/ams
opn.sty
Package: amsopn 2022/04/08 v2.04 operator names
)
\inf@bad=\count308
LaTeX Info: Redefining \frac on input line 234.
\uproot@=\count309
\leftroot@=\count310
LaTeX Info: Redefining \overline on input line 399.
LaTeX Info: Redefining \colon on input line 410.
\classnum@=\count311
\DOTSCASE@=\count312
LaTeX Info: Redefining \ldots on input line 496.
LaTeX Info: Redefining \dots on input line 499.
LaTeX Info: Redefining \cdots on input line 620.
\Mathstrutbox@=\box70
\strutbox@=\box71
LaTeX Info: Redefining \big on input line 722.
LaTeX Info: Redefining \Big on input line 723.
LaTeX Info: Redefining \bigg on input line 724.
LaTeX Info: Redefining \Bigg on input line 725.
\big@size=\dimen281
LaTeX Font Info:    Redeclaring font encoding OML on input line 743.
LaTeX Font Info:    Redeclaring font encoding OMS on input line 744.
\macc@depth=\count313
LaTeX Info: Redefining \bmod on input line 905.
LaTeX Info: Redefining \pmod on input line 910.
LaTeX Info: Redefining \smash on input line 940.
LaTeX Info: Redefining \relbar on input line 970.
LaTeX Info: Redefining \Relbar on input line 971.
\c@MaxMatrixCols=\count314
\dotsspace@=\muskip16
\c@parentequation=\count315
\dspbrk@lvl=\count316
\tag@help=\toks35
\row@=\count317
\column@=\count318
\maxfields@=\count319
\andhelp@=\toks36
\eqnshift@=\dimen282
\alignsep@=\dimen283
\tagshift@=\dimen284
\tagwidth@=\dimen285
\totwidth@=\dimen286
\lineht@=\dimen287
\@envbody=\toks37
\multlinegap=\skip57
\multlinetaggap=\skip58
\mathdisplay@stack=\toks38
LaTeX Info: Redefining \[ on input line 2953.
LaTeX Info: Redefining \] on input line 2954.
)
(/opt/homebrew/Cellar/texlive/20240312_3/share/texmf-dist/tex/latex/amsfonts/am
sfonts.sty
Package: amsfonts 2013/01/14 v3.01 Basic AMSFonts support
\symAMSa=\mathgroup4
\symAMSb=\mathgroup5
LaTeX Font Info:    Redeclaring math symbol \hbar on input line 98.
LaTeX Font Info:    Overwriting math alphabet `\mathfrak' in version `bold'
(Font)                  U/euf/m/n --> U/euf/b/n on input line 106.
)
(/opt/homebrew/Cellar/texlive/20240312_3/share/texmf-dist/tex/latex/amsfonts/am
ssymb.sty
Package: amssymb 2013/01/14 v3.01 AMS font symbols
)
(/opt/homebrew/Cellar/texlive/20240312_3/share/texmf-dist/tex/latex/tkz-euclide
/tkz-euclide.sty
2024/02/04 5.06c tkz-euclide.sty
Package: tkz-euclide  2024/02/04 5.06c for pure Euclidean Geometry 
\tkzRadius=\dimen288
\tkzLength=\dimen289
\tkz@radi=\dimen290

(/opt/homebrew/Cellar/texlive/20240312_3/share/texmf-dist/tex/latex/tkz-euclide
/tkz-obj-eu-points.tex
2024/02/04 5.06c tkz-obj-eu-points.tex
)
(/opt/homebrew/Cellar/texlive/20240312_3/share/texmf-dist/tex/latex/tkz-euclide
/tkz-obj-eu-points-by.tex
2024/02/04 5.06c tkz-tools-eu-points-by.tex
)
(/opt/homebrew/Cellar/texlive/20240312_3/share/texmf-dist/tex/latex/tkz-euclide
/tkz-tools-eu-math.tex
2024/02/04 5.06c tkz-tools-eu-math.tex
)
(/opt/homebrew/Cellar/texlive/20240312_3/share/texmf-dist/tex/latex/tkz-euclide
/tkz-tools-eu-intersections.tex
2024/02/04 5.06c tkz-tools-eu-intersections.tex
)
(/opt/homebrew/Cellar/texlive/20240312_3/share/texmf-dist/tex/latex/tkz-euclide
/tkz-obj-eu-points-with.tex
2024/02/04 5.06c tkz-obj-eu-points-with.tex
)
(/opt/homebrew/Cellar/texlive/20240312_3/share/texmf-dist/tex/latex/tkz-euclide
/tkz-obj-eu-points-spc.tex
2024/02/04 5.06c tkz-obj-el-points.tex
)
(/opt/homebrew/Cellar/texlive/20240312_3/share/texmf-dist/tex/latex/tkz-euclide
/tkz-tools-eu-angles.tex
2024/02/04 5.06c tkz-tools-eu-angles.tex
)
(/opt/homebrew/Cellar/texlive/20240312_3/share/texmf-dist/tex/latex/tkz-euclide
/tkz-obj-eu-circles.tex
2024/02/04 5.06c tkz-obj-eu-circles.tex
)
(/opt/homebrew/Cellar/texlive/20240312_3/share/texmf-dist/tex/latex/tkz-euclide
/tkz-obj-eu-circles-by.tex
2024/02/04 5.06c tkz-obj-eu-circles.tex
)
(/opt/homebrew/Cellar/texlive/20240312_3/share/texmf-dist/tex/latex/tkz-euclide
/tkz-obj-eu-points-rnd.tex
2024/02/04 5.06c tkz-obj-eu-points-rnd.tex
)
(/opt/homebrew/Cellar/texlive/20240312_3/share/texmf-dist/tex/latex/tkz-euclide
/tkz-obj-eu-lines.tex
2024/02/04 5.06c tkz-obj-eu-lines.tex
)
(/opt/homebrew/Cellar/texlive/20240312_3/share/texmf-dist/tex/latex/tkz-euclide
/tkz-obj-eu-polygons.tex
2024/02/04 5.06c tkz-obj-eu-polygons.tex
)
(/opt/homebrew/Cellar/texlive/20240312_3/share/texmf-dist/tex/latex/tkz-euclide
/tkz-obj-eu-triangles.tex
2024/02/04 5.06c tkz-obj-eu-triangles.tex
)
(/opt/homebrew/Cellar/texlive/20240312_3/share/texmf-dist/tex/latex/tkz-euclide
/tkz-draw-eu-lines.tex
2024/02/04 5.06c tkz-obj-eu-draw-lines.tex
)
(/opt/homebrew/Cellar/texlive/20240312_3/share/texmf-dist/tex/latex/tkz-euclide
/tkz-draw-eu-circles.tex
2024/02/04 5.06c tkz-obj-eu-draw-circles.tex
)
(/opt/homebrew/Cellar/texlive/20240312_3/share/texmf-dist/tex/latex/tkz-euclide
/tkz-draw-eu-ellipses.tex
2024/02/04 5.06c tkz-obj-eu-draw-ellipses.tex
)
(/opt/homebrew/Cellar/texlive/20240312_3/share/texmf-dist/tex/latex/tkz-euclide
/tkz-draw-eu-polygons.tex
2024/02/04 5.06c tkz-obj-eu-polygons.tex
)
(/opt/homebrew/Cellar/texlive/20240312_3/share/texmf-dist/tex/latex/tkz-euclide
/tkz-draw-eu-angles.tex
2024/02/04 5.06c tkz-tool-eu-angles.tex
)
(/opt/homebrew/Cellar/texlive/20240312_3/share/texmf-dist/tex/latex/tkz-euclide
/tkz-draw-eu-sectors.tex
2024/02/04 5.06c tkz-obj-eu-sectors.tex
)
(/opt/homebrew/Cellar/texlive/20240312_3/share/texmf-dist/tex/latex/tkz-euclide
/tkz-draw-eu-compass.tex
2024/02/04 5.06c tkz-obj-eu-compass.tex
)
(/opt/homebrew/Cellar/texlive/20240312_3/share/texmf-dist/tex/latex/tkz-euclide
/tkz-draw-eu-show.tex
2024/02/04 5.06c tkz-obj-eu-show.tex
)
(/opt/homebrew/Cellar/texlive/20240312_3/share/texmf-dist/tex/latex/tkz-euclide
/tkz-draw-eu-protractor.tex
2024/02/04 5.06c tkz-obj-eu-protractor.tex
))
(/opt/homebrew/Cellar/texlive/20240312_3/share/texmf-dist/tex/generic/pgf/front
endlayer/tikz/libraries/tikzlibrarysvg.path.code.tex
File: tikzlibrarysvg.path.code.tex 2023-01-15 v3.1.10 (3.1.10)

(/opt/homebrew/Cellar/texlive/20240312_3/share/texmf-dist/tex/generic/pgf/libra
ries/pgflibrarysvg.path.code.tex
File: pgflibrarysvg.path.code.tex 2023-01-15 v3.1.10 (3.1.10)

(/opt/homebrew/Cellar/texlive/20240312_3/share/texmf-dist/tex/generic/pgf/modul
es/pgfmoduleparser.code.tex
File: pgfmoduleparser.code.tex 2023-01-15 v3.1.10 (3.1.10)
\pgfparserdef@arg@count=\count320
)
\pgf@lib@svg@last@x=\dimen291
\pgf@lib@svg@last@y=\dimen292
\pgf@lib@svg@last@c@x=\dimen293
\pgf@lib@svg@last@c@y=\dimen294
\pgf@lib@svg@count=\count321
\pgf@lib@svg@max@num=\count322
))
(/opt/homebrew/Cellar/texlive/20240312_3/share/texmf-dist/tex/generic/pgf/front
endlayer/tikz/libraries/tikzlibrarysnakes.code.tex
File: tikzlibrarysnakes.code.tex 2023-01-15 v3.1.10 (3.1.10)


Package pgf Warning: Snakes have been superseded by decorations. Please use the
 decoration libraries instead of the snakes library on input line 14.

) (./root.aux)
\openout1 = `root.aux'.

LaTeX Font Info:    Checking defaults for OML/cmm/m/it on input line 18.
LaTeX Font Info:    ... okay on input line 18.
LaTeX Font Info:    Checking defaults for OMS/cmsy/m/n on input line 18.
LaTeX Font Info:    ... okay on input line 18.
LaTeX Font Info:    Checking defaults for OT1/cmr/m/n on input line 18.
LaTeX Font Info:    ... okay on input line 18.
LaTeX Font Info:    Checking defaults for T1/cmr/m/n on input line 18.
LaTeX Font Info:    ... okay on input line 18.
LaTeX Font Info:    Checking defaults for TS1/cmr/m/n on input line 18.
LaTeX Font Info:    ... okay on input line 18.
LaTeX Font Info:    Checking defaults for OMX/cmex/m/n on input line 18.
LaTeX Font Info:    ... okay on input line 18.
LaTeX Font Info:    Checking defaults for U/cmr/m/n on input line 18.
LaTeX Font Info:    ... okay on input line 18.

(/opt/homebrew/Cellar/texlive/20240312_3/share/texmf-dist/tex/context/base/mkii
/supp-pdf.mkii
[Loading MPS to PDF converter (version 2006.09.02).]
\scratchcounter=\count323
\scratchdimen=\dimen295
\scratchbox=\box72
\nofMPsegments=\count324
\nofMParguments=\count325
\everyMPshowfont=\toks39
\MPscratchCnt=\count326
\MPscratchDim=\dimen296
\MPnumerator=\count327
\makeMPintoPDFobject=\count328
\everyMPtoPDFconversion=\toks40
)
(/opt/homebrew/Cellar/texlive/20240312_3/share/texmf-dist/tex/latex/epstopdf-pk
g/epstopdf-base.sty
Package: epstopdf-base 2020-01-24 v2.11 Base part for package epstopdf
Package epstopdf-base Info: Redefining graphics rule for `.eps' on input line 4
85.

(/opt/homebrew/Cellar/texlive/20240312_3/share/texmf-dist/tex/latex/latexconfig
/epstopdf-sys.cfg
File: epstopdf-sys.cfg 2010/07/13 v1.3 Configuration of (r)epstopdf for TeX Liv
e
))
LaTeX Font Info:    Trying to load font information for U+msa on input line 20.


(/opt/homebrew/Cellar/texlive/20240312_3/share/texmf-dist/tex/latex/amsfonts/um
sa.fd
File: umsa.fd 2013/01/14 v3.01 AMS symbols A
)
LaTeX Font Info:    Trying to load font information for U+msb on input line 20.


(/opt/homebrew/Cellar/texlive/20240312_3/share/texmf-dist/tex/latex/amsfonts/um
sb.fd
File: umsb.fd 2013/01/14 v3.01 AMS symbols B
) [1

{/opt/homebrew/Cellar/texlive/20240312_3/share/texmf-dist/fonts/map/pdftex/updm
ap/pdftex.map}]
Underfull \hbox (badness 10000) in paragraph at lines 65--69

 []


Underfull \hbox (badness 10000) in paragraph at lines 65--69

 []


Underfull \hbox (badness 10000) in paragraph at lines 76--79

 []


Underfull \hbox (badness 10000) in paragraph at lines 76--79

 []

[2]
Underfull \hbox (badness 10000) in paragraph at lines 130--132

 []


Overfull \hbox (34.05362pt too wide) in paragraph at lines 152--155
[][] 
 []


Underfull \hbox (badness 10000) in paragraph at lines 152--155

 []


Underfull \hbox (badness 10000) in paragraph at lines 152--155

 []

[3] [4] [5]
Overfull \hbox (51.8693pt too wide) detected at line 235
[]\OML/cmm/m/it/10 J[] \OT1/cmr/m/n/10 =   []\OML/cmm/m/it/10 R  []J \OT1/cmr/m
/n/10 = [] []
 []

[6] [7] (./root.aux)
 ***********
LaTeX2e <2023-11-01> patch level 1
L3 programming layer <2024-02-20>
 ***********
 ) 
Here is how much of TeX's memory you used:
 20226 strings out of 474116
 455498 string characters out of 5732612
 1952187 words of memory out of 5000000
 42085 multiletter control sequences out of 15000+600000
 565934 words of font info for 67 fonts, out of 8000000 for 9000
 1141 hyphenation exceptions out of 8191
 117i,17n,121p,506b,948s stack positions out of 10000i,1000n,20000p,200000b,200000s
</opt/homebrew/Cellar/texlive/20240312_3/share/texmf-dist/fonts/type1/public/
amsfonts/cm/cmbx10.pfb></opt/homebrew/Cellar/texlive/20240312_3/share/texmf-dis
t/fonts/type1/public/amsfonts/cm/cmbx12.pfb></opt/homebrew/Cellar/texlive/20240
312_3/share/texmf-dist/fonts/type1/public/amsfonts/cm/cmbx9.pfb></opt/homebrew/
Cellar/texlive/20240312_3/share/texmf-dist/fonts/type1/public/amsfonts/cm/cmex1
0.pfb></opt/homebrew/Cellar/texlive/20240312_3/share/texmf-dist/fonts/type1/pub
lic/amsfonts/cm/cmmi10.pfb></opt/homebrew/Cellar/texlive/20240312_3/share/texmf
-dist/fonts/type1/public/amsfonts/cm/cmmi7.pfb></opt/homebrew/Cellar/texlive/20
240312_3/share/texmf-dist/fonts/type1/public/amsfonts/cm/cmr10.pfb></opt/homebr
ew/Cellar/texlive/20240312_3/share/texmf-dist/fonts/type1/public/amsfonts/cm/cm
r12.pfb></opt/homebrew/Cellar/texlive/20240312_3/share/texmf-dist/fonts/type1/p
ublic/amsfonts/cm/cmr17.pfb></opt/homebrew/Cellar/texlive/20240312_3/share/texm
f-dist/fonts/type1/public/amsfonts/cm/cmr5.pfb></opt/homebrew/Cellar/texlive/20
240312_3/share/texmf-dist/fonts/type1/public/amsfonts/cm/cmr7.pfb></opt/homebre
w/Cellar/texlive/20240312_3/share/texmf-dist/fonts/type1/public/amsfonts/cm/cms
y10.pfb></opt/homebrew/Cellar/texlive/20240312_3/share/texmf-dist/fonts/type1/p
ublic/amsfonts/cm/cmsy7.pfb></opt/homebrew/Cellar/texlive/20240312_3/share/texm
f-dist/fonts/type1/public/amsfonts/symbols/msam10.pfb>
Output written on root.pdf (7 pages, 184177 bytes).
PDF statistics:
 125 PDF objects out of 1000 (max. 8388607)
 71 compressed objects within 1 object stream
 0 named destinations out of 1000 (max. 500000)
 109 words of extra memory for PDF output out of 10000 (max. 10000000)

