This is pdfTeX, Version 3.141592653-2.6-1.40.25 (TeX Live 2023/Homebrew) (preloaded format=pdflatex 2023.6.22)  12 NOV 2023 19:53
entering extended mode
 restricted \write18 enabled.
 file:line:error style messages enabled.
 %&-line parsing enabled.
**root.tex
(./root.tex
LaTeX2e <2022-11-01> patch level 1
L3 programming layer <2023-02-22>
(/usr/local/Cellar/texlive/20230313_2/share/texmf-dist/tex/latex/base/article.c
ls
Document Class: article 2022/07/02 v1.4n Standard LaTeX document class

(/usr/local/Cellar/texlive/20230313_2/share/texmf-dist/tex/latex/base/size10.cl
o
File: size10.clo 2022/07/02 v1.4n Standard LaTeX file (size option)
)
\c@part=\count185
\c@section=\count186
\c@subsection=\count187
\c@subsubsection=\count188
\c@paragraph=\count189
\c@subparagraph=\count190
\c@figure=\count191
\c@table=\count192
\abovecaptionskip=\skip48
\belowcaptionskip=\skip49
\bibindent=\dimen140
)
(/usr/local/Cellar/texlive/20230313_2/share/texmf-dist/tex/latex/pgf/frontendla
yer/tikz.sty
(/usr/local/Cellar/texlive/20230313_2/share/texmf-dist/tex/latex/pgf/basiclayer
/pgf.sty
(/usr/local/Cellar/texlive/20230313_2/share/texmf-dist/tex/latex/pgf/utilities/
pgfrcs.sty
(/usr/local/Cellar/texlive/20230313_2/share/texmf-dist/tex/generic/pgf/utilitie
s/pgfutil-common.tex
\pgfutil@everybye=\toks16
\pgfutil@tempdima=\dimen141
\pgfutil@tempdimb=\dimen142
)
(/usr/local/Cellar/texlive/20230313_2/share/texmf-dist/tex/generic/pgf/utilitie
s/pgfutil-latex.def
\pgfutil@abb=\box51
)
(/usr/local/Cellar/texlive/20230313_2/share/texmf-dist/tex/generic/pgf/utilitie
s/pgfrcs.code.tex
(/usr/local/Cellar/texlive/20230313_2/share/texmf-dist/tex/generic/pgf/pgf.revi
sion.tex)
Package: pgfrcs 2023-01-15 v3.1.10 (3.1.10)
))
Package: pgf 2023-01-15 v3.1.10 (3.1.10)

(/usr/local/Cellar/texlive/20230313_2/share/texmf-dist/tex/latex/pgf/basiclayer
/pgfcore.sty
(/usr/local/Cellar/texlive/20230313_2/share/texmf-dist/tex/latex/graphics/graph
icx.sty
Package: graphicx 2021/09/16 v1.2d Enhanced LaTeX Graphics (DPC,SPQR)

(/usr/local/Cellar/texlive/20230313_2/share/texmf-dist/tex/latex/graphics/keyva
l.sty
Package: keyval 2022/05/29 v1.15 key=value parser (DPC)
\KV@toks@=\toks17
)
(/usr/local/Cellar/texlive/20230313_2/share/texmf-dist/tex/latex/graphics/graph
ics.sty
Package: graphics 2022/03/10 v1.4e Standard LaTeX Graphics (DPC,SPQR)

(/usr/local/Cellar/texlive/20230313_2/share/texmf-dist/tex/latex/graphics/trig.
sty
Package: trig 2021/08/11 v1.11 sin cos tan (DPC)
)
(/usr/local/Cellar/texlive/20230313_2/share/texmf-dist/tex/latex/graphics-cfg/g
raphics.cfg
File: graphics.cfg 2016/06/04 v1.11 sample graphics configuration
)
Package graphics Info: Driver file: pdftex.def on input line 107.

(/usr/local/Cellar/texlive/20230313_2/share/texmf-dist/tex/latex/graphics-def/p
dftex.def
File: pdftex.def 2022/09/22 v1.2b Graphics/color driver for pdftex
))
\Gin@req@height=\dimen143
\Gin@req@width=\dimen144
)
(/usr/local/Cellar/texlive/20230313_2/share/texmf-dist/tex/latex/pgf/systemlaye
r/pgfsys.sty
(/usr/local/Cellar/texlive/20230313_2/share/texmf-dist/tex/generic/pgf/systemla
yer/pgfsys.code.tex
Package: pgfsys 2023-01-15 v3.1.10 (3.1.10)

(/usr/local/Cellar/texlive/20230313_2/share/texmf-dist/tex/generic/pgf/utilitie
s/pgfkeys.code.tex
\pgfkeys@pathtoks=\toks18
\pgfkeys@temptoks=\toks19

(/usr/local/Cellar/texlive/20230313_2/share/texmf-dist/tex/generic/pgf/utilitie
s/pgfkeyslibraryfiltered.code.tex
\pgfkeys@tmptoks=\toks20
))
\pgf@x=\dimen145
\pgf@y=\dimen146
\pgf@xa=\dimen147
\pgf@ya=\dimen148
\pgf@xb=\dimen149
\pgf@yb=\dimen150
\pgf@xc=\dimen151
\pgf@yc=\dimen152
\pgf@xd=\dimen153
\pgf@yd=\dimen154
\w@pgf@writea=\write3
\r@pgf@reada=\read2
\c@pgf@counta=\count193
\c@pgf@countb=\count194
\c@pgf@countc=\count195
\c@pgf@countd=\count196
\t@pgf@toka=\toks21
\t@pgf@tokb=\toks22
\t@pgf@tokc=\toks23
\pgf@sys@id@count=\count197

(/usr/local/Cellar/texlive/20230313_2/share/texmf-dist/tex/generic/pgf/systemla
yer/pgf.cfg
File: pgf.cfg 2023-01-15 v3.1.10 (3.1.10)
)
Driver file for pgf: pgfsys-pdftex.def

(/usr/local/Cellar/texlive/20230313_2/share/texmf-dist/tex/generic/pgf/systemla
yer/pgfsys-pdftex.def
File: pgfsys-pdftex.def 2023-01-15 v3.1.10 (3.1.10)

(/usr/local/Cellar/texlive/20230313_2/share/texmf-dist/tex/generic/pgf/systemla
yer/pgfsys-common-pdf.def
File: pgfsys-common-pdf.def 2023-01-15 v3.1.10 (3.1.10)
)))
(/usr/local/Cellar/texlive/20230313_2/share/texmf-dist/tex/generic/pgf/systemla
yer/pgfsyssoftpath.code.tex
File: pgfsyssoftpath.code.tex 2023-01-15 v3.1.10 (3.1.10)
\pgfsyssoftpath@smallbuffer@items=\count198
\pgfsyssoftpath@bigbuffer@items=\count199
)
(/usr/local/Cellar/texlive/20230313_2/share/texmf-dist/tex/generic/pgf/systemla
yer/pgfsysprotocol.code.tex
File: pgfsysprotocol.code.tex 2023-01-15 v3.1.10 (3.1.10)
))
(/usr/local/Cellar/texlive/20230313_2/share/texmf-dist/tex/latex/xcolor/xcolor.
sty
Package: xcolor 2022/06/12 v2.14 LaTeX color extensions (UK)

(/usr/local/Cellar/texlive/20230313_2/share/texmf-dist/tex/latex/graphics-cfg/c
olor.cfg
File: color.cfg 2016/01/02 v1.6 sample color configuration
)
Package xcolor Info: Driver file: pdftex.def on input line 227.

(/usr/local/Cellar/texlive/20230313_2/share/texmf-dist/tex/latex/graphics/mathc
olor.ltx)
Package xcolor Info: Model `cmy' substituted by `cmy0' on input line 1353.
Package xcolor Info: Model `hsb' substituted by `rgb' on input line 1357.
Package xcolor Info: Model `RGB' extended on input line 1369.
Package xcolor Info: Model `HTML' substituted by `rgb' on input line 1371.
Package xcolor Info: Model `Hsb' substituted by `hsb' on input line 1372.
Package xcolor Info: Model `tHsb' substituted by `hsb' on input line 1373.
Package xcolor Info: Model `HSB' substituted by `hsb' on input line 1374.
Package xcolor Info: Model `Gray' substituted by `gray' on input line 1375.
Package xcolor Info: Model `wave' substituted by `hsb' on input line 1376.
)
(/usr/local/Cellar/texlive/20230313_2/share/texmf-dist/tex/generic/pgf/basiclay
er/pgfcore.code.tex
Package: pgfcore 2023-01-15 v3.1.10 (3.1.10)

(/usr/local/Cellar/texlive/20230313_2/share/texmf-dist/tex/generic/pgf/math/pgf
math.code.tex
(/usr/local/Cellar/texlive/20230313_2/share/texmf-dist/tex/generic/pgf/math/pgf
mathutil.code.tex)
(/usr/local/Cellar/texlive/20230313_2/share/texmf-dist/tex/generic/pgf/math/pgf
mathparser.code.tex
\pgfmath@dimen=\dimen155
\pgfmath@count=\count266
\pgfmath@box=\box52
\pgfmath@toks=\toks24
\pgfmath@stack@operand=\toks25
\pgfmath@stack@operation=\toks26
)
(/usr/local/Cellar/texlive/20230313_2/share/texmf-dist/tex/generic/pgf/math/pgf
mathfunctions.code.tex)
(/usr/local/Cellar/texlive/20230313_2/share/texmf-dist/tex/generic/pgf/math/pgf
mathfunctions.basic.code.tex)
(/usr/local/Cellar/texlive/20230313_2/share/texmf-dist/tex/generic/pgf/math/pgf
mathfunctions.trigonometric.code.tex)
(/usr/local/Cellar/texlive/20230313_2/share/texmf-dist/tex/generic/pgf/math/pgf
mathfunctions.random.code.tex)
(/usr/local/Cellar/texlive/20230313_2/share/texmf-dist/tex/generic/pgf/math/pgf
mathfunctions.comparison.code.tex)
(/usr/local/Cellar/texlive/20230313_2/share/texmf-dist/tex/generic/pgf/math/pgf
mathfunctions.base.code.tex)
(/usr/local/Cellar/texlive/20230313_2/share/texmf-dist/tex/generic/pgf/math/pgf
mathfunctions.round.code.tex)
(/usr/local/Cellar/texlive/20230313_2/share/texmf-dist/tex/generic/pgf/math/pgf
mathfunctions.misc.code.tex)
(/usr/local/Cellar/texlive/20230313_2/share/texmf-dist/tex/generic/pgf/math/pgf
mathfunctions.integerarithmetics.code.tex)
(/usr/local/Cellar/texlive/20230313_2/share/texmf-dist/tex/generic/pgf/math/pgf
mathcalc.code.tex)
(/usr/local/Cellar/texlive/20230313_2/share/texmf-dist/tex/generic/pgf/math/pgf
mathfloat.code.tex
\c@pgfmathroundto@lastzeros=\count267
))
(/usr/local/Cellar/texlive/20230313_2/share/texmf-dist/tex/generic/pgf/math/pgf
int.code.tex)
(/usr/local/Cellar/texlive/20230313_2/share/texmf-dist/tex/generic/pgf/basiclay
er/pgfcorepoints.code.tex
File: pgfcorepoints.code.tex 2023-01-15 v3.1.10 (3.1.10)
\pgf@picminx=\dimen156
\pgf@picmaxx=\dimen157
\pgf@picminy=\dimen158
\pgf@picmaxy=\dimen159
\pgf@pathminx=\dimen160
\pgf@pathmaxx=\dimen161
\pgf@pathminy=\dimen162
\pgf@pathmaxy=\dimen163
\pgf@xx=\dimen164
\pgf@xy=\dimen165
\pgf@yx=\dimen166
\pgf@yy=\dimen167
\pgf@zx=\dimen168
\pgf@zy=\dimen169
)
(/usr/local/Cellar/texlive/20230313_2/share/texmf-dist/tex/generic/pgf/basiclay
er/pgfcorepathconstruct.code.tex
File: pgfcorepathconstruct.code.tex 2023-01-15 v3.1.10 (3.1.10)
\pgf@path@lastx=\dimen170
\pgf@path@lasty=\dimen171
)
(/usr/local/Cellar/texlive/20230313_2/share/texmf-dist/tex/generic/pgf/basiclay
er/pgfcorepathusage.code.tex
File: pgfcorepathusage.code.tex 2023-01-15 v3.1.10 (3.1.10)
\pgf@shorten@end@additional=\dimen172
\pgf@shorten@start@additional=\dimen173
)
(/usr/local/Cellar/texlive/20230313_2/share/texmf-dist/tex/generic/pgf/basiclay
er/pgfcorescopes.code.tex
File: pgfcorescopes.code.tex 2023-01-15 v3.1.10 (3.1.10)
\pgfpic=\box53
\pgf@hbox=\box54
\pgf@layerbox@main=\box55
\pgf@picture@serial@count=\count268
)
(/usr/local/Cellar/texlive/20230313_2/share/texmf-dist/tex/generic/pgf/basiclay
er/pgfcoregraphicstate.code.tex
File: pgfcoregraphicstate.code.tex 2023-01-15 v3.1.10 (3.1.10)
\pgflinewidth=\dimen174
)
(/usr/local/Cellar/texlive/20230313_2/share/texmf-dist/tex/generic/pgf/basiclay
er/pgfcoretransformations.code.tex
File: pgfcoretransformations.code.tex 2023-01-15 v3.1.10 (3.1.10)
\pgf@pt@x=\dimen175
\pgf@pt@y=\dimen176
\pgf@pt@temp=\dimen177
)
(/usr/local/Cellar/texlive/20230313_2/share/texmf-dist/tex/generic/pgf/basiclay
er/pgfcorequick.code.tex
File: pgfcorequick.code.tex 2023-01-15 v3.1.10 (3.1.10)
)
(/usr/local/Cellar/texlive/20230313_2/share/texmf-dist/tex/generic/pgf/basiclay
er/pgfcoreobjects.code.tex
File: pgfcoreobjects.code.tex 2023-01-15 v3.1.10 (3.1.10)
)
(/usr/local/Cellar/texlive/20230313_2/share/texmf-dist/tex/generic/pgf/basiclay
er/pgfcorepathprocessing.code.tex
File: pgfcorepathprocessing.code.tex 2023-01-15 v3.1.10 (3.1.10)
)
(/usr/local/Cellar/texlive/20230313_2/share/texmf-dist/tex/generic/pgf/basiclay
er/pgfcorearrows.code.tex
File: pgfcorearrows.code.tex 2023-01-15 v3.1.10 (3.1.10)
\pgfarrowsep=\dimen178
)
(/usr/local/Cellar/texlive/20230313_2/share/texmf-dist/tex/generic/pgf/basiclay
er/pgfcoreshade.code.tex
File: pgfcoreshade.code.tex 2023-01-15 v3.1.10 (3.1.10)
\pgf@max=\dimen179
\pgf@sys@shading@range@num=\count269
\pgf@shadingcount=\count270
)
(/usr/local/Cellar/texlive/20230313_2/share/texmf-dist/tex/generic/pgf/basiclay
er/pgfcoreimage.code.tex
File: pgfcoreimage.code.tex 2023-01-15 v3.1.10 (3.1.10)
)
(/usr/local/Cellar/texlive/20230313_2/share/texmf-dist/tex/generic/pgf/basiclay
er/pgfcoreexternal.code.tex
File: pgfcoreexternal.code.tex 2023-01-15 v3.1.10 (3.1.10)
\pgfexternal@startupbox=\box56
)
(/usr/local/Cellar/texlive/20230313_2/share/texmf-dist/tex/generic/pgf/basiclay
er/pgfcorelayers.code.tex
File: pgfcorelayers.code.tex 2023-01-15 v3.1.10 (3.1.10)
)
(/usr/local/Cellar/texlive/20230313_2/share/texmf-dist/tex/generic/pgf/basiclay
er/pgfcoretransparency.code.tex
File: pgfcoretransparency.code.tex 2023-01-15 v3.1.10 (3.1.10)
)
(/usr/local/Cellar/texlive/20230313_2/share/texmf-dist/tex/generic/pgf/basiclay
er/pgfcorepatterns.code.tex
File: pgfcorepatterns.code.tex 2023-01-15 v3.1.10 (3.1.10)
)
(/usr/local/Cellar/texlive/20230313_2/share/texmf-dist/tex/generic/pgf/basiclay
er/pgfcorerdf.code.tex
File: pgfcorerdf.code.tex 2023-01-15 v3.1.10 (3.1.10)
)))
(/usr/local/Cellar/texlive/20230313_2/share/texmf-dist/tex/generic/pgf/modules/
pgfmoduleshapes.code.tex
File: pgfmoduleshapes.code.tex 2023-01-15 v3.1.10 (3.1.10)
\pgfnodeparttextbox=\box57
)
(/usr/local/Cellar/texlive/20230313_2/share/texmf-dist/tex/generic/pgf/modules/
pgfmoduleplot.code.tex
File: pgfmoduleplot.code.tex 2023-01-15 v3.1.10 (3.1.10)
)
(/usr/local/Cellar/texlive/20230313_2/share/texmf-dist/tex/latex/pgf/compatibil
ity/pgfcomp-version-0-65.sty
Package: pgfcomp-version-0-65 2023-01-15 v3.1.10 (3.1.10)
\pgf@nodesepstart=\dimen180
\pgf@nodesepend=\dimen181
)
(/usr/local/Cellar/texlive/20230313_2/share/texmf-dist/tex/latex/pgf/compatibil
ity/pgfcomp-version-1-18.sty
Package: pgfcomp-version-1-18 2023-01-15 v3.1.10 (3.1.10)
))
(/usr/local/Cellar/texlive/20230313_2/share/texmf-dist/tex/latex/pgf/utilities/
pgffor.sty
(/usr/local/Cellar/texlive/20230313_2/share/texmf-dist/tex/latex/pgf/utilities/
pgfkeys.sty
(/usr/local/Cellar/texlive/20230313_2/share/texmf-dist/tex/generic/pgf/utilitie
s/pgfkeys.code.tex))
(/usr/local/Cellar/texlive/20230313_2/share/texmf-dist/tex/latex/pgf/math/pgfma
th.sty
(/usr/local/Cellar/texlive/20230313_2/share/texmf-dist/tex/generic/pgf/math/pgf
math.code.tex))
(/usr/local/Cellar/texlive/20230313_2/share/texmf-dist/tex/generic/pgf/utilitie
s/pgffor.code.tex
Package: pgffor 2023-01-15 v3.1.10 (3.1.10)
\pgffor@iter=\dimen182
\pgffor@skip=\dimen183
\pgffor@stack=\toks27
\pgffor@toks=\toks28
))
(/usr/local/Cellar/texlive/20230313_2/share/texmf-dist/tex/generic/pgf/frontend
layer/tikz/tikz.code.tex
Package: tikz 2023-01-15 v3.1.10 (3.1.10)

(/usr/local/Cellar/texlive/20230313_2/share/texmf-dist/tex/generic/pgf/librarie
s/pgflibraryplothandlers.code.tex
File: pgflibraryplothandlers.code.tex 2023-01-15 v3.1.10 (3.1.10)
\pgf@plot@mark@count=\count271
\pgfplotmarksize=\dimen184
)
\tikz@lastx=\dimen185
\tikz@lasty=\dimen186
\tikz@lastxsaved=\dimen187
\tikz@lastysaved=\dimen188
\tikz@lastmovetox=\dimen189
\tikz@lastmovetoy=\dimen190
\tikzleveldistance=\dimen191
\tikzsiblingdistance=\dimen192
\tikz@figbox=\box58
\tikz@figbox@bg=\box59
\tikz@tempbox=\box60
\tikz@tempbox@bg=\box61
\tikztreelevel=\count272
\tikznumberofchildren=\count273
\tikznumberofcurrentchild=\count274
\tikz@fig@count=\count275

(/usr/local/Cellar/texlive/20230313_2/share/texmf-dist/tex/generic/pgf/modules/
pgfmodulematrix.code.tex
File: pgfmodulematrix.code.tex 2023-01-15 v3.1.10 (3.1.10)
\pgfmatrixcurrentrow=\count276
\pgfmatrixcurrentcolumn=\count277
\pgf@matrix@numberofcolumns=\count278
)
\tikz@expandcount=\count279

(/usr/local/Cellar/texlive/20230313_2/share/texmf-dist/tex/generic/pgf/frontend
layer/tikz/libraries/tikzlibrarytopaths.code.tex
File: tikzlibrarytopaths.code.tex 2023-01-15 v3.1.10 (3.1.10)
)))
(/usr/local/Cellar/texlive/20230313_2/share/texmf-dist/tex/latex/amsmath/amsmat
h.sty
Package: amsmath 2022/04/08 v2.17n AMS math features
\@mathmargin=\skip50

For additional information on amsmath, use the `?' option.

(/usr/local/Cellar/texlive/20230313_2/share/texmf-dist/tex/latex/amsmath/amstex
t.sty
Package: amstext 2021/08/26 v2.01 AMS text

(/usr/local/Cellar/texlive/20230313_2/share/texmf-dist/tex/latex/amsmath/amsgen
.sty
File: amsgen.sty 1999/11/30 v2.0 generic functions
\@emptytoks=\toks29
\ex@=\dimen193
))
(/usr/local/Cellar/texlive/20230313_2/share/texmf-dist/tex/latex/amsmath/amsbsy
.sty
Package: amsbsy 1999/11/29 v1.2d Bold Symbols
\pmbraise@=\dimen194
)
(/usr/local/Cellar/texlive/20230313_2/share/texmf-dist/tex/latex/amsmath/amsopn
.sty
Package: amsopn 2022/04/08 v2.04 operator names
)
\inf@bad=\count280
LaTeX Info: Redefining \frac on input line 234.
\uproot@=\count281
\leftroot@=\count282
LaTeX Info: Redefining \overline on input line 399.
LaTeX Info: Redefining \colon on input line 410.
\classnum@=\count283
\DOTSCASE@=\count284
LaTeX Info: Redefining \ldots on input line 496.
LaTeX Info: Redefining \dots on input line 499.
LaTeX Info: Redefining \cdots on input line 620.
\Mathstrutbox@=\box62
\strutbox@=\box63
LaTeX Info: Redefining \big on input line 722.
LaTeX Info: Redefining \Big on input line 723.
LaTeX Info: Redefining \bigg on input line 724.
LaTeX Info: Redefining \Bigg on input line 725.
\big@size=\dimen195
LaTeX Font Info:    Redeclaring font encoding OML on input line 743.
LaTeX Font Info:    Redeclaring font encoding OMS on input line 744.
\macc@depth=\count285
LaTeX Info: Redefining \bmod on input line 905.
LaTeX Info: Redefining \pmod on input line 910.
LaTeX Info: Redefining \smash on input line 940.
LaTeX Info: Redefining \relbar on input line 970.
LaTeX Info: Redefining \Relbar on input line 971.
\c@MaxMatrixCols=\count286
\dotsspace@=\muskip16
\c@parentequation=\count287
\dspbrk@lvl=\count288
\tag@help=\toks30
\row@=\count289
\column@=\count290
\maxfields@=\count291
\andhelp@=\toks31
\eqnshift@=\dimen196
\alignsep@=\dimen197
\tagshift@=\dimen198
\tagwidth@=\dimen199
\totwidth@=\dimen256
\lineht@=\dimen257
\@envbody=\toks32
\multlinegap=\skip51
\multlinetaggap=\skip52
\mathdisplay@stack=\toks33
LaTeX Info: Redefining \[ on input line 2953.
LaTeX Info: Redefining \] on input line 2954.
)
(/usr/local/Cellar/texlive/20230313_2/share/texmf-dist/tex/latex/amsfonts/amsfo
nts.sty
Package: amsfonts 2013/01/14 v3.01 Basic AMSFonts support
\symAMSa=\mathgroup4
\symAMSb=\mathgroup5
LaTeX Font Info:    Redeclaring math symbol \hbar on input line 98.
LaTeX Font Info:    Overwriting math alphabet `\mathfrak' in version `bold'
(Font)                  U/euf/m/n --> U/euf/b/n on input line 106.
)
(/usr/local/Cellar/texlive/20230313_2/share/texmf-dist/tex/latex/amsfonts/amssy
mb.sty
Package: amssymb 2013/01/14 v3.01 AMS font symbols
)
(/usr/local/Cellar/texlive/20230313_2/share/texmf-dist/tex/latex/tkz-base/tkz-b
ase.sty
2022/07/14 4.2c tkz-base.sty
Package: tkz-base 2022/07/14 4.2c tkz-base

(/usr/local/Cellar/texlive/20230313_2/share/texmf-dist/tex/generic/pgf/frontend
layer/tikz/libraries/tikzlibraryangles.code.tex
File: tikzlibraryangles.code.tex 2023-01-15 v3.1.10 (3.1.10)
)
(/usr/local/Cellar/texlive/20230313_2/share/texmf-dist/tex/generic/pgf/frontend
layer/tikz/libraries/tikzlibraryarrows.code.tex
File: tikzlibraryarrows.code.tex 2023-01-15 v3.1.10 (3.1.10)

(/usr/local/Cellar/texlive/20230313_2/share/texmf-dist/tex/generic/pgf/librarie
s/pgflibraryarrows.code.tex
File: pgflibraryarrows.code.tex 2023-01-15 v3.1.10 (3.1.10)
\arrowsize=\dimen258
))
(/usr/local/Cellar/texlive/20230313_2/share/texmf-dist/tex/generic/pgf/librarie
s/pgflibraryarrows.meta.code.tex
File: pgflibraryarrows.meta.code.tex 2023-01-15 v3.1.10 (3.1.10)
\pgfarrowinset=\dimen259
\pgfarrowlength=\dimen260
\pgfarrowwidth=\dimen261
\pgfarrowlinewidth=\dimen262
)
(/usr/local/Cellar/texlive/20230313_2/share/texmf-dist/tex/generic/pgf/frontend
layer/tikz/libraries/tikzlibrarybackgrounds.code.tex
File: tikzlibrarybackgrounds.code.tex 2023-01-15 v3.1.10 (3.1.10)
\pgf@layerbox@background=\box64
\pgf@layerboxsaved@background=\box65
)
(/usr/local/Cellar/texlive/20230313_2/share/texmf-dist/tex/generic/pgf/frontend
layer/tikz/libraries/tikzlibrarycalc.code.tex
File: tikzlibrarycalc.code.tex 2023-01-15 v3.1.10 (3.1.10)
)
(/usr/local/Cellar/texlive/20230313_2/share/texmf-dist/tex/generic/pgf/frontend
layer/tikz/libraries/tikzlibrarydecorations.code.tex
(/usr/local/Cellar/texlive/20230313_2/share/texmf-dist/tex/generic/pgf/modules/
pgfmoduledecorations.code.tex
\pgfdecoratedcompleteddistance=\dimen263
\pgfdecoratedremainingdistance=\dimen264
\pgfdecoratedinputsegmentcompleteddistance=\dimen265
\pgfdecoratedinputsegmentremainingdistance=\dimen266
\pgf@decorate@distancetomove=\dimen267
\pgf@decorate@repeatstate=\count292
\pgfdecorationsegmentamplitude=\dimen268
\pgfdecorationsegmentlength=\dimen269
)
\tikz@lib@dec@box=\box66
)
(/usr/local/Cellar/texlive/20230313_2/share/texmf-dist/tex/generic/pgf/frontend
layer/tikz/libraries/tikzlibrarydecorations.markings.code.tex
(/usr/local/Cellar/texlive/20230313_2/share/texmf-dist/tex/generic/pgf/librarie
s/decorations/pgflibrarydecorations.markings.code.tex))
(/usr/local/Cellar/texlive/20230313_2/share/texmf-dist/tex/generic/pgf/frontend
layer/tikz/libraries/tikzlibrarydecorations.pathreplacing.code.tex
(/usr/local/Cellar/texlive/20230313_2/share/texmf-dist/tex/generic/pgf/librarie
s/decorations/pgflibrarydecorations.pathreplacing.code.tex))
(/usr/local/Cellar/texlive/20230313_2/share/texmf-dist/tex/generic/pgf/frontend
layer/tikz/libraries/tikzlibrarydecorations.shapes.code.tex
(/usr/local/Cellar/texlive/20230313_2/share/texmf-dist/tex/generic/pgf/librarie
s/decorations/pgflibrarydecorations.shapes.code.tex))
(/usr/local/Cellar/texlive/20230313_2/share/texmf-dist/tex/generic/pgf/frontend
layer/tikz/libraries/tikzlibrarydecorations.text.code.tex
(/usr/local/Cellar/texlive/20230313_2/share/texmf-dist/tex/generic/pgf/librarie
s/decorations/pgflibrarydecorations.text.code.tex
\pgf@lib@dec@text@box=\box67
)
\tikz@lib@dec@te@box=\box68
)
(/usr/local/Cellar/texlive/20230313_2/share/texmf-dist/tex/generic/pgf/frontend
layer/tikz/libraries/tikzlibrarydecorations.pathmorphing.code.tex
(/usr/local/Cellar/texlive/20230313_2/share/texmf-dist/tex/generic/pgf/librarie
s/decorations/pgflibrarydecorations.pathmorphing.code.tex))
(/usr/local/Cellar/texlive/20230313_2/share/texmf-dist/tex/generic/pgf/frontend
layer/tikz/libraries/tikzlibraryintersections.code.tex
(/usr/local/Cellar/texlive/20230313_2/share/texmf-dist/tex/generic/pgf/librarie
s/pgflibraryintersections.code.tex
(/usr/local/Cellar/texlive/20230313_2/share/texmf-dist/tex/generic/pgf/librarie
s/pgflibraryfpu.code.tex)
\pgf@intersect@solutions=\count293
))
(/usr/local/Cellar/texlive/20230313_2/share/texmf-dist/tex/generic/pgf/frontend
layer/tikz/libraries/tikzlibrarypatterns.code.tex
File: tikzlibrarypatterns.code.tex 2023-01-15 v3.1.10 (3.1.10)

(/usr/local/Cellar/texlive/20230313_2/share/texmf-dist/tex/generic/pgf/librarie
s/pgflibrarypatterns.code.tex
File: pgflibrarypatterns.code.tex 2023-01-15 v3.1.10 (3.1.10)
))
(/usr/local/Cellar/texlive/20230313_2/share/texmf-dist/tex/generic/pgf/frontend
layer/tikz/libraries/tikzlibraryplotmarks.code.tex
File: tikzlibraryplotmarks.code.tex 2023-01-15 v3.1.10 (3.1.10)

(/usr/local/Cellar/texlive/20230313_2/share/texmf-dist/tex/generic/pgf/librarie
s/pgflibraryplotmarks.code.tex
File: pgflibraryplotmarks.code.tex 2023-01-15 v3.1.10 (3.1.10)
))
(/usr/local/Cellar/texlive/20230313_2/share/texmf-dist/tex/generic/pgf/frontend
layer/tikz/libraries/tikzlibrarypositioning.code.tex
File: tikzlibrarypositioning.code.tex 2023-01-15 v3.1.10 (3.1.10)
)
(/usr/local/Cellar/texlive/20230313_2/share/texmf-dist/tex/generic/pgf/frontend
layer/tikz/libraries/tikzlibraryquotes.code.tex
File: tikzlibraryquotes.code.tex 2023-01-15 v3.1.10 (3.1.10)
)
(/usr/local/Cellar/texlive/20230313_2/share/texmf-dist/tex/generic/pgf/frontend
layer/tikz/libraries/tikzlibraryshapes.misc.code.tex
File: tikzlibraryshapes.misc.code.tex 2023-01-15 v3.1.10 (3.1.10)

(/usr/local/Cellar/texlive/20230313_2/share/texmf-dist/tex/generic/pgf/librarie
s/shapes/pgflibraryshapes.misc.code.tex
File: pgflibraryshapes.misc.code.tex 2023-01-15 v3.1.10 (3.1.10)
))
(/usr/local/Cellar/texlive/20230313_2/share/texmf-dist/tex/generic/pgf/frontend
layer/tikz/libraries/tikzlibraryshadows.code.tex
File: tikzlibraryshadows.code.tex 2023-01-15 v3.1.10 (3.1.10)

(/usr/local/Cellar/texlive/20230313_2/share/texmf-dist/tex/generic/pgf/frontend
layer/tikz/libraries/tikzlibraryfadings.code.tex
File: tikzlibraryfadings.code.tex 2023-01-15 v3.1.10 (3.1.10)

(/usr/local/Cellar/texlive/20230313_2/share/texmf-dist/tex/generic/pgf/librarie
s/pgflibraryfadings.code.tex
File: pgflibraryfadings.code.tex 2023-01-15 v3.1.10 (3.1.10)
)))
(/usr/local/Cellar/texlive/20230313_2/share/texmf-dist/tex/generic/pgf/frontend
layer/tikz/libraries/tikzlibrarythrough.code.tex
File: tikzlibrarythrough.code.tex 2023-01-15 v3.1.10 (3.1.10)
)
(/usr/local/Cellar/texlive/20230313_2/share/texmf-dist/tex/latex/numprint/numpr
int.sty
Package: numprint 2012/08/20 v1.39 Print numbers (HH)

(/usr/local/Cellar/texlive/20230313_2/share/texmf-dist/tex/latex/tools/array.st
y
Package: array 2022/09/04 v2.5g Tabular extension package (FMi)
\col@sep=\dimen270
\ar@mcellbox=\box69
\extrarowheight=\dimen271
\NC@list=\toks34
\extratabsurround=\skip53
\backup@length=\skip54
\ar@cellbox=\box70
)
\c@nprt@mantissa@digitsbefore=\count294
\c@nprt@mantissa@digitsafter=\count295
\c@nprt@exponent@digitsbefore=\count296
\c@nprt@exponent@digitsafter=\count297
\nprt@digitwidth=\skip55
\nprt@sepwidth=\skip56
\nprt@decimalwidth=\skip57
\nprt@blockwidth=\skip58
\nprt@digittoks=\toks35
\nprt@pretoks=\toks36
\nprt@posttoks=\toks37
\nprt@thisdigit=\count298
\nprt@curpos=\count299
\nprt@rndpos=\count300
\c@nprt@digitsfirstblock=\count301
\c@nprt@blockcnt=\count302
\c@nprt@cntprint=\count303
 No configuration file `numprint.cfg' found.)
(/usr/local/Cellar/texlive/20230313_2/share/texmf-dist/tex/latex/l3packages/xfp
/xfp.sty
(/usr/local/Cellar/texlive/20230313_2/share/texmf-dist/tex/latex/l3kernel/expl3
.sty
Package: expl3 2023-02-22 L3 programming layer (loader) 

(/usr/local/Cellar/texlive/20230313_2/share/texmf-dist/tex/latex/l3backend/l3ba
ckend-pdftex.def
File: l3backend-pdftex.def 2023-01-16 L3 backend support: PDF output (pdfTeX)
\l__color_backend_stack_int=\count304
\l__pdf_internal_box=\box71
))
Package: xfp 2023-02-02 L3 Floating point unit
)
(/usr/local/Cellar/texlive/20230313_2/share/texmf-dist/tex/latex/fp/fp.sty
Package: fp 1995/04/02

`Fixed Point Package', Version 0.8, April 2, 1995 (C) Michael Mehlich
(/usr/local/Cellar/texlive/20230313_2/share/texmf-dist/tex/latex/fp/defpattern.
sty
Package: defpattern 1994/10/12
\actioncount=\count305
)
(/usr/local/Cellar/texlive/20230313_2/share/texmf-dist/tex/latex/fp/fp-basic.st
y
Package: fp-basic 1996/05/13
\FP@xs=\count306
\FP@xia=\count307
\FP@xib=\count308
\FP@xfa=\count309
\FP@xfb=\count310
\FP@rega=\count311
\FP@regb=\count312
\FP@regs=\count313
\FP@times=\count314
)
(/usr/local/Cellar/texlive/20230313_2/share/texmf-dist/tex/latex/fp/fp-addons.s
ty
Package: fp-addons 1995/03/15
)
(/usr/local/Cellar/texlive/20230313_2/share/texmf-dist/tex/latex/fp/fp-snap.sty
Package: fp-snap 1995/04/05
)
(/usr/local/Cellar/texlive/20230313_2/share/texmf-dist/tex/latex/fp/fp-exp.sty
Package: fp-exp 1995/04/03
)
(/usr/local/Cellar/texlive/20230313_2/share/texmf-dist/tex/latex/fp/fp-trigo.st
y
Package: fp-trigo 1995/04/14
)
(/usr/local/Cellar/texlive/20230313_2/share/texmf-dist/tex/latex/fp/fp-pas.sty
Package: fp-pas 1994/08/29
)
(/usr/local/Cellar/texlive/20230313_2/share/texmf-dist/tex/latex/fp/fp-random.s
ty
Package: fp-random 1995/02/23
\FPseed=\count315
)
(/usr/local/Cellar/texlive/20230313_2/share/texmf-dist/tex/latex/fp/fp-eqn.sty
Package: fp-eqn 1995/04/03
) (/usr/local/Cellar/texlive/20230313_2/share/texmf-dist/tex/latex/fp/fp-upn.st
y
Package: fp-upn 1996/10/21
)
(/usr/local/Cellar/texlive/20230313_2/share/texmf-dist/tex/latex/fp/fp-eval.sty
Package: fp-eval 1995/04/03
))
\tkz@ax=\dimen272
\tkz@ay=\dimen273
\tkz@bx=\dimen274
\tkz@by=\dimen275
\tkz@cx=\dimen276
\tkz@cy=\dimen277
\tkz@dx=\dimen278
\tkz@dy=\dimen279
\tkz@tax=\dimen280
\tkz@tay=\dimen281
\tkz@tbx=\dimen282
\tkz@tby=\dimen283
\tkz@tcx=\dimen284
\tkz@tcy=\dimen285
\tkz@tdx=\dimen286
\tkz@tdy=\dimen287
\tkz@cntmk=\count316

Local configuration file tkz-base.cfg found and used

(/usr/local/Cellar/texlive/20230313_2/share/texmf-dist/tex/latex/tkz-base/tkz-b
ase.cfg
2022/07/14 4.2c tkz-base.cfg
)
(/usr/local/Cellar/texlive/20230313_2/share/texmf-dist/tex/latex/tkz-base/tkz-t
ools-modules.tex
2022/07/14 4.2c tkz-tools-modules.tex
)
(/usr/local/Cellar/texlive/20230313_2/share/texmf-dist/tex/latex/tkz-base/tkz-l
ib-marks.tex
2022/07/14 4.2c tkz-lib-marks.tex
)
(/usr/local/Cellar/texlive/20230313_2/share/texmf-dist/tex/latex/tkz-base/tkz-l
ib-shape.tex
2022/07/14 4.2c tkz-lib-shape.tex
)
(/usr/local/Cellar/texlive/20230313_2/share/texmf-dist/tex/latex/tkz-base/tkz-t
ools-base.tex
2022/07/14 4.2c tkz-tools-base.tex
)
(/usr/local/Cellar/texlive/20230313_2/share/texmf-dist/tex/latex/tkz-base/tkz-t
ools-utilities.tex
2022/07/14 4.2c tkz-tools-utilities.tex
)
(/usr/local/Cellar/texlive/20230313_2/share/texmf-dist/tex/latex/tkz-base/tkz-t
ools-colors.tex
2022/07/14 4.2c tkz-tools-colors
)
(/usr/local/Cellar/texlive/20230313_2/share/texmf-dist/tex/latex/tkz-base/tkz-t
ools-text.tex
2022/07/14 4.2c tkz-tools-text.tex
)
(/usr/local/Cellar/texlive/20230313_2/share/texmf-dist/tex/latex/tkz-base/tkz-t
ools-BB.tex
2022/07/14 4.2c tkz-obj-BB.tex
)
(/usr/local/Cellar/texlive/20230313_2/share/texmf-dist/tex/latex/tkz-base/tkz-t
ools-arith.tex
2022/07/14 4.2c tkz-tools-arith.tex
File: tkz-tool-arith.tex tkz-tool-arith 3.02 c
)
(/usr/local/Cellar/texlive/20230313_2/share/texmf-dist/tex/latex/tkz-base/tkz-t
ools-print.tex
2022/07/14 4.2c tkz-tools-print
)
(/usr/local/Cellar/texlive/20230313_2/share/texmf-dist/tex/latex/tkz-base/tkz-t
ools-misc.tex
2022/07/14 4.2c tkz-tools-misc.tex
)
(/usr/local/Cellar/texlive/20230313_2/share/texmf-dist/tex/latex/tkz-base/tkz-o
bj-axes.tex
2022/07/14 4.2c tkz-obj-axes
)
(/usr/local/Cellar/texlive/20230313_2/share/texmf-dist/tex/latex/tkz-base/tkz-o
bj-grids.tex
2022/07/14 4.2c tkz-obj-grids.tex
)
(/usr/local/Cellar/texlive/20230313_2/share/texmf-dist/tex/latex/tkz-base/tkz-o
bj-marks.tex
2022/07/14 4.2c tkz-obj-marks.tex
)
(/usr/local/Cellar/texlive/20230313_2/share/texmf-dist/tex/latex/tkz-base/tkz-o
bj-points.tex
2022/07/14 4.2c tkz-obj-points.tex
)
(/usr/local/Cellar/texlive/20230313_2/share/texmf-dist/tex/latex/tkz-base/tkz-o
bj-rep.tex
2022/07/14 4.2c tkz-obj-rep.tex
))
(/usr/local/Cellar/texlive/20230313_2/share/texmf-dist/tex/latex/tkz-euclide/tk
z-euclide.sty
2023/02/03 5.02c tkz-euclide.sty
Package: tkz-euclide  2023/02/03 5.02c for pure Euclidean Geometry 
\tkzRadius=\dimen288
\tkzLength=\dimen289
\tkz@radi=\dimen290

(/usr/local/Cellar/texlive/20230313_2/share/texmf-dist/tex/latex/tkz-euclide/tk
z-obj-eu-points.tex
2023/02/03 5.02c tkz-obj-eu-points.tex
)
(/usr/local/Cellar/texlive/20230313_2/share/texmf-dist/tex/latex/tkz-euclide/tk
z-obj-eu-points-by.tex
2023/02/03 5.02c tkz-tools-eu-points-by.tex
)
(/usr/local/Cellar/texlive/20230313_2/share/texmf-dist/tex/latex/tkz-euclide/tk
z-tools-eu-math.tex
2023/02/03 5.02c tkz-tools-eu-math.tex
)
(/usr/local/Cellar/texlive/20230313_2/share/texmf-dist/tex/latex/tkz-euclide/tk
z-tools-eu-intersections.tex
2023/02/03 5.02c tkz-tools-eu-intersections.tex
)
(/usr/local/Cellar/texlive/20230313_2/share/texmf-dist/tex/latex/tkz-euclide/tk
z-obj-eu-points-with.tex
2023/02/03 5.02c tkz-obj-eu-points-with.tex
)
(/usr/local/Cellar/texlive/20230313_2/share/texmf-dist/tex/latex/tkz-euclide/tk
z-obj-eu-points-spc.tex
2023/02/03 5.02c tkz-obj-el-points.tex
)
(/usr/local/Cellar/texlive/20230313_2/share/texmf-dist/tex/latex/tkz-euclide/tk
z-tools-eu-angles.tex
2023/02/03 5.02c tkz-tools-eu-angles.tex
)
(/usr/local/Cellar/texlive/20230313_2/share/texmf-dist/tex/latex/tkz-euclide/tk
z-obj-eu-points-rnd.tex
2023/02/03 5.02c tkz-obj-eu-points-rnd.tex
)
(/usr/local/Cellar/texlive/20230313_2/share/texmf-dist/tex/latex/tkz-euclide/tk
z-obj-eu-circles.tex
2023/02/03 5.02c tkz-obj-eu-circles.tex
)
(/usr/local/Cellar/texlive/20230313_2/share/texmf-dist/tex/latex/tkz-euclide/tk
z-obj-eu-circles-by.tex
2023/02/03 5.02c tkz-obj-eu-circles.tex
)
(/usr/local/Cellar/texlive/20230313_2/share/texmf-dist/tex/latex/tkz-euclide/tk
z-obj-eu-lines.tex
2023/02/03 5.02c tkz-obj-eu-lines.tex
)
(/usr/local/Cellar/texlive/20230313_2/share/texmf-dist/tex/latex/tkz-euclide/tk
z-obj-eu-polygons.tex
2023/02/03 5.02c tkz-obj-eu-polygons.tex
)
(/usr/local/Cellar/texlive/20230313_2/share/texmf-dist/tex/latex/tkz-euclide/tk
z-obj-eu-triangles.tex
2023/02/03 5.02c tkz-obj-eu-triangles.tex
)
(/usr/local/Cellar/texlive/20230313_2/share/texmf-dist/tex/latex/tkz-euclide/tk
z-draw-eu-lines.tex
2023/02/03 5.02c tkz-obj-eu-draw-lines.tex
)
(/usr/local/Cellar/texlive/20230313_2/share/texmf-dist/tex/latex/tkz-euclide/tk
z-draw-eu-circles.tex
2023/02/03 5.02c tkz-obj-eu-draw-circles.tex
)
(/usr/local/Cellar/texlive/20230313_2/share/texmf-dist/tex/latex/tkz-euclide/tk
z-draw-eu-polygons.tex
2023/02/03 5.02c tkz-obj-eu-polygons.tex
)
(/usr/local/Cellar/texlive/20230313_2/share/texmf-dist/tex/latex/tkz-euclide/tk
z-draw-eu-angles.tex
2023/02/03 5.02c tkz-tool-eu-angles.tex
)
(/usr/local/Cellar/texlive/20230313_2/share/texmf-dist/tex/latex/tkz-euclide/tk
z-draw-eu-sectors.tex
2023/02/03 5.02c tkz-obj-eu-sectors.tex
)
(/usr/local/Cellar/texlive/20230313_2/share/texmf-dist/tex/latex/tkz-euclide/tk
z-draw-eu-compass.tex
2023/02/03 5.02c tkz-obj-eu-compass.tex
)
(/usr/local/Cellar/texlive/20230313_2/share/texmf-dist/tex/latex/tkz-euclide/tk
z-draw-eu-show.tex
2023/02/03 5.02c tkz-obj-eu-show.tex
)
(/usr/local/Cellar/texlive/20230313_2/share/texmf-dist/tex/latex/tkz-euclide/tk
z-draw-eu-protractor.tex
2023/02/03 5.02c tkz-obj-eu-protractor.tex
))
(/usr/local/Cellar/texlive/20230313_2/share/texmf-dist/tex/latex/pgfplots/pgfpl
ots.sty
(/usr/local/Cellar/texlive/20230313_2/share/texmf-dist/tex/generic/pgfplots/pgf
plots.revision.tex)
Package: pgfplots 2021/05/15 v1.18.1 Data Visualization (1.18.1)

(/usr/local/Cellar/texlive/20230313_2/share/texmf-dist/tex/generic/pgfplots/pgf
plots.code.tex
(/usr/local/Cellar/texlive/20230313_2/share/texmf-dist/tex/generic/pgfplots/pgf
plotscore.code.tex
\t@pgfplots@toka=\toks38
\t@pgfplots@tokb=\toks39
\t@pgfplots@tokc=\toks40
\pgfplots@tmpa=\dimen291
\c@pgfplots@coordindex=\count317
\c@pgfplots@scanlineindex=\count318

(/usr/local/Cellar/texlive/20230313_2/share/texmf-dist/tex/generic/pgfplots/sys
/pgfplotssysgeneric.code.tex))
(/usr/local/Cellar/texlive/20230313_2/share/texmf-dist/tex/generic/pgfplots/lib
s/pgfplotslibrary.code.tex)
(/usr/local/Cellar/texlive/20230313_2/share/texmf-dist/tex/generic/pgfplots/old
pgfcompatib/pgfplotsoldpgfsupp_loader.code.tex
Package pgfplots: loading complementary utilities for your pgf version...
\t@pgf@toka=\toks41
\t@pgf@tokb=\toks42
\t@pgf@tokc=\toks43

(/usr/local/Cellar/texlive/20230313_2/share/texmf-dist/tex/generic/pgfplots/old
pgfcompatib/pgfplotsoldpgfsupp_pgfutil-common-lists.tex))
(/usr/local/Cellar/texlive/20230313_2/share/texmf-dist/tex/generic/pgfplots/uti
l/pgfplotsutil.code.tex
(/usr/local/Cellar/texlive/20230313_2/share/texmf-dist/tex/generic/pgfplots/lis
tstructure/pgfplotsliststructure.code.tex)
(/usr/local/Cellar/texlive/20230313_2/share/texmf-dist/tex/generic/pgfplots/lis
tstructure/pgfplotsliststructureext.code.tex)
(/usr/local/Cellar/texlive/20230313_2/share/texmf-dist/tex/generic/pgfplots/lis
tstructure/pgfplotsarray.code.tex
\c@pgfplotsarray@tmp=\count319
)
(/usr/local/Cellar/texlive/20230313_2/share/texmf-dist/tex/generic/pgfplots/lis
tstructure/pgfplotsmatrix.code.tex)
(/usr/local/Cellar/texlive/20230313_2/share/texmf-dist/tex/generic/pgfplots/num
table/pgfplotstableshared.code.tex
\c@pgfplotstable@counta=\count320
\t@pgfplotstable@a=\toks44
)
(/usr/local/Cellar/texlive/20230313_2/share/texmf-dist/tex/generic/pgfplots/lis
tstructure/pgfplotsdeque.code.tex)
(/usr/local/Cellar/texlive/20230313_2/share/texmf-dist/tex/generic/pgfplots/uti
l/pgfplotsbinary.code.tex
(/usr/local/Cellar/texlive/20230313_2/share/texmf-dist/tex/generic/pgfplots/uti
l/pgfplotsbinary.data.code.tex))
(/usr/local/Cellar/texlive/20230313_2/share/texmf-dist/tex/generic/pgfplots/uti
l/pgfplotsutil.verb.code.tex)
(/usr/local/Cellar/texlive/20230313_2/share/texmf-dist/tex/generic/pgfplots/lib
s/pgflibrarypgfplots.surfshading.code.tex
\c@pgfplotslibrarysurf@no=\count321

(/usr/local/Cellar/texlive/20230313_2/share/texmf-dist/tex/generic/pgfplots/sys
/pgflibrarypgfplots.surfshading.pgfsys-pdftex.def)))
(/usr/local/Cellar/texlive/20230313_2/share/texmf-dist/tex/generic/pgfplots/uti
l/pgfplotscolormap.code.tex
(/usr/local/Cellar/texlive/20230313_2/share/texmf-dist/tex/generic/pgfplots/uti
l/pgfplotscolor.code.tex))
(/usr/local/Cellar/texlive/20230313_2/share/texmf-dist/tex/generic/pgfplots/pgf
plotsstackedplots.code.tex)
(/usr/local/Cellar/texlive/20230313_2/share/texmf-dist/tex/generic/pgfplots/pgf
plotsplothandlers.code.tex
(/usr/local/Cellar/texlive/20230313_2/share/texmf-dist/tex/generic/pgfplots/pgf
plotsmeshplothandler.code.tex
(/usr/local/Cellar/texlive/20230313_2/share/texmf-dist/tex/generic/pgfplots/pgf
plotsmeshplotimage.code.tex)))
(/usr/local/Cellar/texlive/20230313_2/share/texmf-dist/tex/generic/pgfplots/pgf
plots.scaling.code.tex)
(/usr/local/Cellar/texlive/20230313_2/share/texmf-dist/tex/generic/pgfplots/pgf
plotscoordprocessing.code.tex)
(/usr/local/Cellar/texlive/20230313_2/share/texmf-dist/tex/generic/pgfplots/pgf
plots.errorbars.code.tex)
(/usr/local/Cellar/texlive/20230313_2/share/texmf-dist/tex/generic/pgfplots/pgf
plots.markers.code.tex)
(/usr/local/Cellar/texlive/20230313_2/share/texmf-dist/tex/generic/pgfplots/pgf
plotsticks.code.tex)
(/usr/local/Cellar/texlive/20230313_2/share/texmf-dist/tex/generic/pgfplots/pgf
plots.paths.code.tex)
(/usr/local/Cellar/texlive/20230313_2/share/texmf-dist/tex/generic/pgfplots/lib
s/tikzlibrarypgfplots.contourlua.code.tex)
\pgfplots@numplots=\count322
\pgfplots@xmin@reg=\dimen292
\pgfplots@xmax@reg=\dimen293
\pgfplots@ymin@reg=\dimen294
\pgfplots@ymax@reg=\dimen295
\pgfplots@zmin@reg=\dimen296
\pgfplots@zmax@reg=\dimen297
))
(/usr/local/Cellar/texlive/20230313_2/share/texmf-dist/tex/generic/pgf/frontend
layer/tikz/libraries/tikzlibrarysvg.path.code.tex
File: tikzlibrarysvg.path.code.tex 2023-01-15 v3.1.10 (3.1.10)

(/usr/local/Cellar/texlive/20230313_2/share/texmf-dist/tex/generic/pgf/librarie
s/pgflibrarysvg.path.code.tex
File: pgflibrarysvg.path.code.tex 2023-01-15 v3.1.10 (3.1.10)

(/usr/local/Cellar/texlive/20230313_2/share/texmf-dist/tex/generic/pgf/modules/
pgfmoduleparser.code.tex
File: pgfmoduleparser.code.tex 2023-01-15 v3.1.10 (3.1.10)
\pgfparserdef@arg@count=\count323
)
\pgf@lib@svg@last@x=\dimen298
\pgf@lib@svg@last@y=\dimen299
\pgf@lib@svg@last@c@x=\dimen300
\pgf@lib@svg@last@c@y=\dimen301
\pgf@lib@svg@count=\count324
\pgf@lib@svg@max@num=\count325
))
(/usr/local/Cellar/texlive/20230313_2/share/texmf-dist/tex/generic/pgf/frontend
layer/tikz/libraries/tikzlibraryshapes.geometric.code.tex
File: tikzlibraryshapes.geometric.code.tex 2023-01-15 v3.1.10 (3.1.10)

(/usr/local/Cellar/texlive/20230313_2/share/texmf-dist/tex/generic/pgf/librarie
s/shapes/pgflibraryshapes.geometric.code.tex
File: pgflibraryshapes.geometric.code.tex 2023-01-15 v3.1.10 (3.1.10)
))
\XCoord=\dimen302
\YCoord=\dimen303
 (./root.aux)
\openout1 = `root.aux'.

LaTeX Font Info:    Checking defaults for OML/cmm/m/it on input line 27.
LaTeX Font Info:    ... okay on input line 27.
LaTeX Font Info:    Checking defaults for OMS/cmsy/m/n on input line 27.
LaTeX Font Info:    ... okay on input line 27.
LaTeX Font Info:    Checking defaults for OT1/cmr/m/n on input line 27.
LaTeX Font Info:    ... okay on input line 27.
LaTeX Font Info:    Checking defaults for T1/cmr/m/n on input line 27.
LaTeX Font Info:    ... okay on input line 27.
LaTeX Font Info:    Checking defaults for TS1/cmr/m/n on input line 27.
LaTeX Font Info:    ... okay on input line 27.
LaTeX Font Info:    Checking defaults for OMX/cmex/m/n on input line 27.
LaTeX Font Info:    ... okay on input line 27.
LaTeX Font Info:    Checking defaults for U/cmr/m/n on input line 27.
LaTeX Font Info:    ... okay on input line 27.

(/usr/local/Cellar/texlive/20230313_2/share/texmf-dist/tex/context/base/mkii/su
pp-pdf.mkii
[Loading MPS to PDF converter (version 2006.09.02).]
\scratchcounter=\count326
\scratchdimen=\dimen304
\scratchbox=\box72
\nofMPsegments=\count327
\nofMParguments=\count328
\everyMPshowfont=\toks45
\MPscratchCnt=\count329
\MPscratchDim=\dimen305
\MPnumerator=\count330
\makeMPintoPDFobject=\count331
\everyMPtoPDFconversion=\toks46
)
(/usr/local/Cellar/texlive/20230313_2/share/texmf-dist/tex/latex/epstopdf-pkg/e
pstopdf-base.sty
Package: epstopdf-base 2020-01-24 v2.11 Base part for package epstopdf
Package epstopdf-base Info: Redefining graphics rule for `.eps' on input line 4
85.

(/usr/local/Cellar/texlive/20230313_2/share/texmf-dist/tex/latex/latexconfig/ep
stopdf-sys.cfg
File: epstopdf-sys.cfg 2010/07/13 v1.3 Configuration of (r)epstopdf for TeX Liv
e
))

Package pgfplots Warning: running in backwards compatibility mode (unsuitable t
ick labels; missing features). Consider writing \pgfplotsset{compat=1.18} into 
your preamble.
 on input line 27.

LaTeX Font Info:    Trying to load font information for U+msa on input line 29.


(/usr/local/Cellar/texlive/20230313_2/share/texmf-dist/tex/latex/amsfonts/umsa.
fd
File: umsa.fd 2013/01/14 v3.01 AMS symbols A
)
LaTeX Font Info:    Trying to load font information for U+msb on input line 29.


(/usr/local/Cellar/texlive/20230313_2/share/texmf-dist/tex/latex/amsfonts/umsb.
fd
File: umsb.fd 2013/01/14 v3.01 AMS symbols B
) [1

{/usr/local/Cellar/texlive/20230313_2/share/texmf-dist/fonts/map/pdftex/updmap/
pdftex.map}] [2]
Missing character: There is no ; in font nullfont!
Missing character: There is no ; in font nullfont!
Missing character: There is no ; in font nullfont!
[3] [4] [5] (./root.aux) ) 
Here is how much of TeX's memory you used:
 29691 strings out of 476025
 777455 string characters out of 5780533
 1868388 words of memory out of 5000000
 49535 multiletter control sequences out of 15000+600000
 520496 words of font info for 64 fonts, out of 8000000 for 9000
 1141 hyphenation exceptions out of 8191
 102i,14n,104p,1176b,893s stack positions out of 10000i,1000n,20000p,200000b,200000s
</usr/local/Cellar/texlive/20230313_2/share/texmf-dis
t/fonts/type1/public/amsfonts/cm/cmbx10.pfb></usr/local/Cellar/texlive/20230313
_2/share/texmf-dist/fonts/type1/public/amsfonts/cm/cmbx12.pfb></usr/local/Cella
r/texlive/20230313_2/share/texmf-dist/fonts/type1/public/amsfonts/cm/cmex10.pfb
></usr/local/Cellar/texlive/20230313_2/share/texmf-dist/fonts/type1/public/amsf
onts/cm/cmmi10.pfb></usr/local/Cellar/texlive/20230313_2/share/texmf-dist/fonts
/type1/public/amsfonts/cm/cmmi5.pfb></usr/local/Cellar/texlive/20230313_2/share
/texmf-dist/fonts/type1/public/amsfonts/cm/cmmi7.pfb></usr/local/Cellar/texlive
/20230313_2/share/texmf-dist/fonts/type1/public/amsfonts/cm/cmr10.pfb></usr/loc
al/Cellar/texlive/20230313_2/share/texmf-dist/fonts/type1/public/amsfonts/cm/cm
r12.pfb></usr/local/Cellar/texlive/20230313_2/share/texmf-dist/fonts/type1/publ
ic/amsfonts/cm/cmr17.pfb></usr/local/Cellar/texlive/20230313_2/share/texmf-dist
/fonts/type1/public/amsfonts/cm/cmr7.pfb></usr/local/Cellar/texlive/20230313_2/
share/texmf-dist/fonts/type1/public/amsfonts/cm/cmsy10.pfb></usr/local/Cellar/t
exlive/20230313_2/share/texmf-dist/fonts/type1/public/amsfonts/cm/cmsy7.pfb></u
sr/local/Cellar/texlive/20230313_2/share/texmf-dist/fonts/type1/public/amsfonts
/cm/cmti10.pfb>
Output written on root.pdf (5 pages, 167251 bytes).
PDF statistics:
 113 PDF objects out of 1000 (max. 8388607)
 62 compressed objects within 1 object stream
 0 named destinations out of 1000 (max. 500000)
 113 words of extra memory for PDF output out of 10000 (max. 10000000)

